

Terminals which are not used:

   '|'
   '&'


Conflict in state 108 between rule 34 and token BoolAnd resolved as reduce.
Conflict in state 108 between rule 34 and token BoolOr resolved as reduce.
Conflict in state 109 between rule 35 and token BoolAnd resolved as shift.
Conflict in state 109 between rule 35 and token BoolOr resolved as reduce.
Conflict in state 111 between rule 51 and token '^' resolved as reduce.
Conflict in state 111 between rule 51 and token '+' resolved as shift.
Conflict in state 111 between rule 51 and token '-' resolved as shift.
Conflict in state 111 between rule 51 and token '*' resolved as shift.
Conflict in state 111 between rule 51 and token '/' resolved as shift.
Conflict in state 111 between rule 51 and token '%' resolved as shift.
Conflict in state 112 between rule 49 and token '^' resolved as reduce.
Conflict in state 112 between rule 49 and token '+' resolved as reduce.
Conflict in state 112 between rule 49 and token '-' resolved as reduce.
Conflict in state 112 between rule 49 and token '*' resolved as shift.
Conflict in state 112 between rule 49 and token '/' resolved as shift.
Conflict in state 112 between rule 49 and token '%' resolved as shift.
Conflict in state 113 between rule 50 and token '^' resolved as reduce.
Conflict in state 113 between rule 50 and token '+' resolved as reduce.
Conflict in state 113 between rule 50 and token '-' resolved as reduce.
Conflict in state 113 between rule 50 and token '*' resolved as shift.
Conflict in state 113 between rule 50 and token '/' resolved as shift.
Conflict in state 113 between rule 50 and token '%' resolved as shift.
Conflict in state 114 between rule 52 and token '^' resolved as reduce.
Conflict in state 114 between rule 52 and token '+' resolved as reduce.
Conflict in state 114 between rule 52 and token '-' resolved as reduce.
Conflict in state 114 between rule 52 and token '*' resolved as reduce.
Conflict in state 114 between rule 52 and token '/' resolved as reduce.
Conflict in state 114 between rule 52 and token '%' resolved as reduce.
Conflict in state 115 between rule 53 and token '^' resolved as reduce.
Conflict in state 115 between rule 53 and token '+' resolved as reduce.
Conflict in state 115 between rule 53 and token '-' resolved as reduce.
Conflict in state 115 between rule 53 and token '*' resolved as reduce.
Conflict in state 115 between rule 53 and token '/' resolved as reduce.
Conflict in state 115 between rule 53 and token '%' resolved as reduce.
Conflict in state 116 between rule 54 and token '^' resolved as reduce.
Conflict in state 116 between rule 54 and token '+' resolved as reduce.
Conflict in state 116 between rule 54 and token '-' resolved as reduce.
Conflict in state 116 between rule 54 and token '*' resolved as reduce.
Conflict in state 116 between rule 54 and token '/' resolved as reduce.
Conflict in state 116 between rule 54 and token '%' resolved as reduce.

Grammar
rule 1    @1 ->		/* empty */
rule 2    S -> IfStatement @1 S
rule 3    @2 ->		/* empty */
rule 4    S -> Assignments @2 S
rule 5    @3 ->		/* empty */
rule 6    S -> WhileStatements @3 S
rule 7    @4 ->		/* empty */
rule 8    S -> VarDecl @4 S
rule 9    @5 ->		/* empty */
rule 10   @6 ->		/* empty */
rule 11   S -> CL @5 S CR @6 S
rule 12   S ->		/* empty */
rule 13   DeclType -> Int
rule 14   DeclType -> Float
rule 15   DeclType -> Char
rule 16   TypeDecl -> DeclType
rule 17   VarDecl -> TypeDecl L SC
rule 18   L -> L COMMA VAR
rule 19   L -> VAR
rule 20   @7 ->		/* empty */
rule 21   @8 ->		/* empty */
rule 22   IfStatement -> If LP BoolExp RP CL @7 S CR @8 ElseExpr
rule 23   IfStatement -> If BoolExp error CR
rule 24   IfStatement -> If LP BoolExp CL error CR
rule 25   ElseExpr -> Else CL S CR
rule 26   ElseExpr ->		/* empty */
rule 27   @9 ->		/* empty */
rule 28   WhileStatements -> While LP BoolExp RP CL @9 S CR
rule 29   WhileStatements -> While BoolExp error CR
rule 30   WhileStatements -> While LP BoolExp CL error Else CL S CR
rule 31   BoolExp -> Expr RELOP Expr
rule 32   BoolExp -> Assignments
rule 33   BoolExp -> '!' Expr
rule 34   BoolExp -> BoolExp BoolAnd BoolExp
rule 35   BoolExp -> BoolExp BoolOr BoolExp
rule 36   BoolExp -> error SC
rule 37   Assignments -> VAR ASSIGN Expr SC
rule 38   Assignments -> TypeDecl VAR ASSIGN Expr SC
rule 39   Assignments -> VAR INC SC
rule 40   Assignments -> VAR DEC SC
rule 41   Assignments -> INC VAR SC
rule 42   Assignments -> DEC VAR SC
rule 43   Assignments -> error
rule 44   Op -> '+'
rule 45   Op -> '-'
rule 46   Op -> '/'
rule 47   Op -> '%'
rule 48   Op -> '*'
rule 49   Expr -> Expr '+' Expr
rule 50   Expr -> Expr '-' Expr
rule 51   Expr -> Expr '^' Expr
rule 52   Expr -> Expr '*' Expr
rule 53   Expr -> Expr '/' Expr
rule 54   Expr -> Expr '%' Expr
rule 55   Expr -> Expr Op
rule 56   Expr -> Fact
rule 57   Fact -> VAR INC
rule 58   Fact -> VAR DEC
rule 59   Fact -> INC VAR
rule 60   Fact -> DEC VAR
rule 61   Fact -> VAR C
rule 62   Fact -> Floats C
rule 63   Fact -> Floats INC error
rule 64   Fact -> Floats DEC error
rule 65   Fact -> DEC Floats error
rule 66   Fact -> INC Floats error
rule 67   Fact -> LP Expr RP
rule 68   Fact -> LP Expr error
rule 69   C -> VAR error
rule 70   C -> Floats error
rule 71   C ->		/* empty */

Terminals, with rules where they appear

$ (-1)
'!' (33) 33
'%' (37) 47 54
'&' (38)
'*' (42) 48 52
'+' (43) 44 49
'-' (45) 45 50
'/' (47) 46 53
'^' (94) 51
'|' (124)
error (256) 23 24 29 30 36 43 63 64 65 66 68 69 70
VAR (258) 18 19 37 38 39 40 41 42 57 58 59 60 61 69
Floats (259) 62 63 64 65 66 70
ASSIGN (260) 37 38
SC (261) 17 36 37 38 39 40 41 42
LP (262) 22 24 28 30 67 68
RP (263) 22 28 67
CL (264) 11 22 24 25 28 30
CR (265) 11 22 23 24 25 28 29 30
INC (266) 39 41 57 59 63 66
RELOP (267) 31
Else (268) 25 30
DEC (269) 40 42 58 60 64 65
Int (270) 13
If (271) 22 23 24
While (272) 28 29 30
BoolAnd (273) 34
BoolOr (274) 35
Float (275) 14
Char (276) 15
COMMA (277) 18

Nonterminals, with rules where they appear

S (32)
    on left: 2 4 6 8 11 12, on right: 2 4 6 8 11 22 25 28 30
@1 (33)
    on left: 1, on right: 2
@2 (34)
    on left: 3, on right: 4
@3 (35)
    on left: 5, on right: 6
@4 (36)
    on left: 7, on right: 8
@5 (37)
    on left: 9, on right: 11
@6 (38)
    on left: 10, on right: 11
DeclType (39)
    on left: 13 14 15, on right: 16
TypeDecl (40)
    on left: 16, on right: 17 38
VarDecl (41)
    on left: 17, on right: 8
L (42)
    on left: 18 19, on right: 17 18
IfStatement (43)
    on left: 22 23 24, on right: 2
@7 (44)
    on left: 20, on right: 22
@8 (45)
    on left: 21, on right: 22
ElseExpr (46)
    on left: 25 26, on right: 22
WhileStatements (47)
    on left: 28 29 30, on right: 6
@9 (48)
    on left: 27, on right: 28
BoolExp (49)
    on left: 31 32 33 34 35 36, on right: 22 23 24 28 29 30 34 35
Assignments (50)
    on left: 37 38 39 40 41 42 43, on right: 4 32
Op (51)
    on left: 44 45 46 47 48, on right: 55
Expr (52)
    on left: 49 50 51 52 53 54 55 56, on right: 31 33 37 38 49 50 51
    52 53 54 55 67 68
Fact (53)
    on left: 57 58 59 60 61 62 63 64 65 66 67 68, on right: 56
C (54)
    on left: 69 70 71, on right: 61 62


state 0

    error	shift, and go to state 1
    VAR 	shift, and go to state 2
    CL  	shift, and go to state 3
    INC 	shift, and go to state 4
    DEC 	shift, and go to state 5
    Int 	shift, and go to state 6
    If  	shift, and go to state 7
    While	shift, and go to state 8
    Float	shift, and go to state 9
    Char	shift, and go to state 10

    $   	reduce using rule 12 (S)

    S   	go to state 146
    DeclType	go to state 11
    TypeDecl	go to state 12
    VarDecl	go to state 13
    IfStatement	go to state 14
    WhileStatements	go to state 15
    Assignments	go to state 16



state 1

    Assignments  ->  error .   (rule 43)

    $default	reduce using rule 43 (Assignments)



state 2

    Assignments  ->  VAR . ASSIGN Expr SC   (rule 37)
    Assignments  ->  VAR . INC SC   (rule 39)
    Assignments  ->  VAR . DEC SC   (rule 40)

    ASSIGN	shift, and go to state 17
    INC 	shift, and go to state 18
    DEC 	shift, and go to state 19



state 3

    S  ->  CL . @5 S CR @6 S   (rule 11)

    $default	reduce using rule 9 (@5)

    @5  	go to state 20



state 4

    Assignments  ->  INC . VAR SC   (rule 41)

    VAR 	shift, and go to state 21



state 5

    Assignments  ->  DEC . VAR SC   (rule 42)

    VAR 	shift, and go to state 22



state 6

    DeclType  ->  Int .   (rule 13)

    $default	reduce using rule 13 (DeclType)



state 7

    IfStatement  ->  If . LP BoolExp RP CL @7 S CR @8 ElseExpr   (rule 22)
    IfStatement  ->  If . BoolExp error CR   (rule 23)
    IfStatement  ->  If . LP BoolExp CL error CR   (rule 24)

    error	shift, and go to state 23
    VAR 	shift, and go to state 24
    Floats	shift, and go to state 25
    LP  	shift, and go to state 26
    INC 	shift, and go to state 27
    DEC 	shift, and go to state 28
    Int 	shift, and go to state 6
    Float	shift, and go to state 9
    Char	shift, and go to state 10
    '!' 	shift, and go to state 29

    DeclType	go to state 11
    TypeDecl	go to state 30
    BoolExp	go to state 31
    Assignments	go to state 32
    Expr	go to state 33
    Fact	go to state 34



state 8

    WhileStatements  ->  While . LP BoolExp RP CL @9 S CR   (rule 28)
    WhileStatements  ->  While . BoolExp error CR   (rule 29)
    WhileStatements  ->  While . LP BoolExp CL error Else CL S CR   (rule 30)

    error	shift, and go to state 23
    VAR 	shift, and go to state 24
    Floats	shift, and go to state 25
    LP  	shift, and go to state 35
    INC 	shift, and go to state 27
    DEC 	shift, and go to state 28
    Int 	shift, and go to state 6
    Float	shift, and go to state 9
    Char	shift, and go to state 10
    '!' 	shift, and go to state 29

    DeclType	go to state 11
    TypeDecl	go to state 30
    BoolExp	go to state 36
    Assignments	go to state 32
    Expr	go to state 33
    Fact	go to state 34



state 9

    DeclType  ->  Float .   (rule 14)

    $default	reduce using rule 14 (DeclType)



state 10

    DeclType  ->  Char .   (rule 15)

    $default	reduce using rule 15 (DeclType)



state 11

    TypeDecl  ->  DeclType .   (rule 16)

    $default	reduce using rule 16 (TypeDecl)



state 12

    VarDecl  ->  TypeDecl . L SC   (rule 17)
    Assignments  ->  TypeDecl . VAR ASSIGN Expr SC   (rule 38)

    VAR 	shift, and go to state 37

    L   	go to state 38



state 13

    S  ->  VarDecl . @4 S   (rule 8)

    $default	reduce using rule 7 (@4)

    @4  	go to state 39



state 14

    S  ->  IfStatement . @1 S   (rule 2)

    $default	reduce using rule 1 (@1)

    @1  	go to state 40



state 15

    S  ->  WhileStatements . @3 S   (rule 6)

    $default	reduce using rule 5 (@3)

    @3  	go to state 41



state 16

    S  ->  Assignments . @2 S   (rule 4)

    $default	reduce using rule 3 (@2)

    @2  	go to state 42



state 17

    Assignments  ->  VAR ASSIGN . Expr SC   (rule 37)

    VAR 	shift, and go to state 43
    Floats	shift, and go to state 25
    LP  	shift, and go to state 44
    INC 	shift, and go to state 45
    DEC 	shift, and go to state 46

    Expr	go to state 47
    Fact	go to state 34



state 18

    Assignments  ->  VAR INC . SC   (rule 39)

    SC  	shift, and go to state 48



state 19

    Assignments  ->  VAR DEC . SC   (rule 40)

    SC  	shift, and go to state 49



state 20

    S  ->  CL @5 . S CR @6 S   (rule 11)

    error	shift, and go to state 1
    VAR 	shift, and go to state 2
    CL  	shift, and go to state 3
    INC 	shift, and go to state 4
    DEC 	shift, and go to state 5
    Int 	shift, and go to state 6
    If  	shift, and go to state 7
    While	shift, and go to state 8
    Float	shift, and go to state 9
    Char	shift, and go to state 10

    CR  	reduce using rule 12 (S)

    S   	go to state 50
    DeclType	go to state 11
    TypeDecl	go to state 12
    VarDecl	go to state 13
    IfStatement	go to state 14
    WhileStatements	go to state 15
    Assignments	go to state 16



state 21

    Assignments  ->  INC VAR . SC   (rule 41)

    SC  	shift, and go to state 51



state 22

    Assignments  ->  DEC VAR . SC   (rule 42)

    SC  	shift, and go to state 52



state 23

    BoolExp  ->  error . SC   (rule 36)
    Assignments  ->  error .   (rule 43)

    SC  	shift, and go to state 53

    $default	reduce using rule 43 (Assignments)



state 24

    Assignments  ->  VAR . ASSIGN Expr SC   (rule 37)
    Assignments  ->  VAR . INC SC   (rule 39)
    Assignments  ->  VAR . DEC SC   (rule 40)
    Fact  ->  VAR . INC   (rule 57)
    Fact  ->  VAR . DEC   (rule 58)
    Fact  ->  VAR . C   (rule 61)

    VAR 	shift, and go to state 54
    Floats	shift, and go to state 55
    ASSIGN	shift, and go to state 17
    INC 	shift, and go to state 56
    DEC 	shift, and go to state 57

    $default	reduce using rule 71 (C)

    C   	go to state 58



state 25

    Fact  ->  Floats . C   (rule 62)
    Fact  ->  Floats . INC error   (rule 63)
    Fact  ->  Floats . DEC error   (rule 64)

    VAR 	shift, and go to state 54
    Floats	shift, and go to state 55
    INC 	shift, and go to state 59
    DEC 	shift, and go to state 60

    $default	reduce using rule 71 (C)

    C   	go to state 61



state 26

    IfStatement  ->  If LP . BoolExp RP CL @7 S CR @8 ElseExpr   (rule 22)
    IfStatement  ->  If LP . BoolExp CL error CR   (rule 24)
    Fact  ->  LP . Expr RP   (rule 67)
    Fact  ->  LP . Expr error   (rule 68)

    error	shift, and go to state 23
    VAR 	shift, and go to state 24
    Floats	shift, and go to state 25
    LP  	shift, and go to state 44
    INC 	shift, and go to state 27
    DEC 	shift, and go to state 28
    Int 	shift, and go to state 6
    Float	shift, and go to state 9
    Char	shift, and go to state 10
    '!' 	shift, and go to state 29

    DeclType	go to state 11
    TypeDecl	go to state 30
    BoolExp	go to state 62
    Assignments	go to state 32
    Expr	go to state 63
    Fact	go to state 34



state 27

    Assignments  ->  INC . VAR SC   (rule 41)
    Fact  ->  INC . VAR   (rule 59)
    Fact  ->  INC . Floats error   (rule 66)

    VAR 	shift, and go to state 64
    Floats	shift, and go to state 65



state 28

    Assignments  ->  DEC . VAR SC   (rule 42)
    Fact  ->  DEC . VAR   (rule 60)
    Fact  ->  DEC . Floats error   (rule 65)

    VAR 	shift, and go to state 66
    Floats	shift, and go to state 67



state 29

    BoolExp  ->  '!' . Expr   (rule 33)

    VAR 	shift, and go to state 43
    Floats	shift, and go to state 25
    LP  	shift, and go to state 44
    INC 	shift, and go to state 45
    DEC 	shift, and go to state 46

    Expr	go to state 68
    Fact	go to state 34



state 30

    Assignments  ->  TypeDecl . VAR ASSIGN Expr SC   (rule 38)

    VAR 	shift, and go to state 69



state 31

    IfStatement  ->  If BoolExp . error CR   (rule 23)
    BoolExp  ->  BoolExp . BoolAnd BoolExp   (rule 34)
    BoolExp  ->  BoolExp . BoolOr BoolExp   (rule 35)

    error	shift, and go to state 70
    BoolAnd	shift, and go to state 71
    BoolOr	shift, and go to state 72



state 32

    BoolExp  ->  Assignments .   (rule 32)

    $default	reduce using rule 32 (BoolExp)



state 33

    BoolExp  ->  Expr . RELOP Expr   (rule 31)
    Expr  ->  Expr . '+' Expr   (rule 49)
    Expr  ->  Expr . '-' Expr   (rule 50)
    Expr  ->  Expr . '^' Expr   (rule 51)
    Expr  ->  Expr . '*' Expr   (rule 52)
    Expr  ->  Expr . '/' Expr   (rule 53)
    Expr  ->  Expr . '%' Expr   (rule 54)
    Expr  ->  Expr . Op   (rule 55)

    RELOP	shift, and go to state 73
    '^' 	shift, and go to state 74
    '+' 	shift, and go to state 75
    '-' 	shift, and go to state 76
    '*' 	shift, and go to state 77
    '/' 	shift, and go to state 78
    '%' 	shift, and go to state 79

    Op  	go to state 80



state 34

    Expr  ->  Fact .   (rule 56)

    $default	reduce using rule 56 (Expr)



state 35

    WhileStatements  ->  While LP . BoolExp RP CL @9 S CR   (rule 28)
    WhileStatements  ->  While LP . BoolExp CL error Else CL S CR   (rule 30)
    Fact  ->  LP . Expr RP   (rule 67)
    Fact  ->  LP . Expr error   (rule 68)

    error	shift, and go to state 23
    VAR 	shift, and go to state 24
    Floats	shift, and go to state 25
    LP  	shift, and go to state 44
    INC 	shift, and go to state 27
    DEC 	shift, and go to state 28
    Int 	shift, and go to state 6
    Float	shift, and go to state 9
    Char	shift, and go to state 10
    '!' 	shift, and go to state 29

    DeclType	go to state 11
    TypeDecl	go to state 30
    BoolExp	go to state 81
    Assignments	go to state 32
    Expr	go to state 63
    Fact	go to state 34



state 36

    WhileStatements  ->  While BoolExp . error CR   (rule 29)
    BoolExp  ->  BoolExp . BoolAnd BoolExp   (rule 34)
    BoolExp  ->  BoolExp . BoolOr BoolExp   (rule 35)

    error	shift, and go to state 82
    BoolAnd	shift, and go to state 71
    BoolOr	shift, and go to state 72



state 37

    L  ->  VAR .   (rule 19)
    Assignments  ->  TypeDecl VAR . ASSIGN Expr SC   (rule 38)

    ASSIGN	shift, and go to state 83

    $default	reduce using rule 19 (L)



state 38

    VarDecl  ->  TypeDecl L . SC   (rule 17)
    L  ->  L . COMMA VAR   (rule 18)

    SC  	shift, and go to state 84
    COMMA	shift, and go to state 85



state 39

    S  ->  VarDecl @4 . S   (rule 8)

    error	shift, and go to state 1
    VAR 	shift, and go to state 2
    CL  	shift, and go to state 3
    INC 	shift, and go to state 4
    DEC 	shift, and go to state 5
    Int 	shift, and go to state 6
    If  	shift, and go to state 7
    While	shift, and go to state 8
    Float	shift, and go to state 9
    Char	shift, and go to state 10

    $   	reduce using rule 12 (S)
    CR  	reduce using rule 12 (S)

    S   	go to state 86
    DeclType	go to state 11
    TypeDecl	go to state 12
    VarDecl	go to state 13
    IfStatement	go to state 14
    WhileStatements	go to state 15
    Assignments	go to state 16



state 40

    S  ->  IfStatement @1 . S   (rule 2)

    error	shift, and go to state 1
    VAR 	shift, and go to state 2
    CL  	shift, and go to state 3
    INC 	shift, and go to state 4
    DEC 	shift, and go to state 5
    Int 	shift, and go to state 6
    If  	shift, and go to state 7
    While	shift, and go to state 8
    Float	shift, and go to state 9
    Char	shift, and go to state 10

    $   	reduce using rule 12 (S)
    CR  	reduce using rule 12 (S)

    S   	go to state 87
    DeclType	go to state 11
    TypeDecl	go to state 12
    VarDecl	go to state 13
    IfStatement	go to state 14
    WhileStatements	go to state 15
    Assignments	go to state 16



state 41

    S  ->  WhileStatements @3 . S   (rule 6)

    error	shift, and go to state 1
    VAR 	shift, and go to state 2
    CL  	shift, and go to state 3
    INC 	shift, and go to state 4
    DEC 	shift, and go to state 5
    Int 	shift, and go to state 6
    If  	shift, and go to state 7
    While	shift, and go to state 8
    Float	shift, and go to state 9
    Char	shift, and go to state 10

    $   	reduce using rule 12 (S)
    CR  	reduce using rule 12 (S)

    S   	go to state 88
    DeclType	go to state 11
    TypeDecl	go to state 12
    VarDecl	go to state 13
    IfStatement	go to state 14
    WhileStatements	go to state 15
    Assignments	go to state 16



state 42

    S  ->  Assignments @2 . S   (rule 4)

    error	shift, and go to state 1
    VAR 	shift, and go to state 2
    CL  	shift, and go to state 3
    INC 	shift, and go to state 4
    DEC 	shift, and go to state 5
    Int 	shift, and go to state 6
    If  	shift, and go to state 7
    While	shift, and go to state 8
    Float	shift, and go to state 9
    Char	shift, and go to state 10

    $   	reduce using rule 12 (S)
    CR  	reduce using rule 12 (S)

    S   	go to state 89
    DeclType	go to state 11
    TypeDecl	go to state 12
    VarDecl	go to state 13
    IfStatement	go to state 14
    WhileStatements	go to state 15
    Assignments	go to state 16



state 43

    Fact  ->  VAR . INC   (rule 57)
    Fact  ->  VAR . DEC   (rule 58)
    Fact  ->  VAR . C   (rule 61)

    VAR 	shift, and go to state 54
    Floats	shift, and go to state 55
    INC 	shift, and go to state 90
    DEC 	shift, and go to state 91

    $default	reduce using rule 71 (C)

    C   	go to state 58



state 44

    Fact  ->  LP . Expr RP   (rule 67)
    Fact  ->  LP . Expr error   (rule 68)

    VAR 	shift, and go to state 43
    Floats	shift, and go to state 25
    LP  	shift, and go to state 44
    INC 	shift, and go to state 45
    DEC 	shift, and go to state 46

    Expr	go to state 92
    Fact	go to state 34



state 45

    Fact  ->  INC . VAR   (rule 59)
    Fact  ->  INC . Floats error   (rule 66)

    VAR 	shift, and go to state 93
    Floats	shift, and go to state 65



state 46

    Fact  ->  DEC . VAR   (rule 60)
    Fact  ->  DEC . Floats error   (rule 65)

    VAR 	shift, and go to state 94
    Floats	shift, and go to state 67



state 47

    Assignments  ->  VAR ASSIGN Expr . SC   (rule 37)
    Expr  ->  Expr . '+' Expr   (rule 49)
    Expr  ->  Expr . '-' Expr   (rule 50)
    Expr  ->  Expr . '^' Expr   (rule 51)
    Expr  ->  Expr . '*' Expr   (rule 52)
    Expr  ->  Expr . '/' Expr   (rule 53)
    Expr  ->  Expr . '%' Expr   (rule 54)
    Expr  ->  Expr . Op   (rule 55)

    SC  	shift, and go to state 95
    '^' 	shift, and go to state 74
    '+' 	shift, and go to state 75
    '-' 	shift, and go to state 76
    '*' 	shift, and go to state 77
    '/' 	shift, and go to state 78
    '%' 	shift, and go to state 79

    Op  	go to state 80



state 48

    Assignments  ->  VAR INC SC .   (rule 39)

    $default	reduce using rule 39 (Assignments)



state 49

    Assignments  ->  VAR DEC SC .   (rule 40)

    $default	reduce using rule 40 (Assignments)



state 50

    S  ->  CL @5 S . CR @6 S   (rule 11)

    CR  	shift, and go to state 96



state 51

    Assignments  ->  INC VAR SC .   (rule 41)

    $default	reduce using rule 41 (Assignments)



state 52

    Assignments  ->  DEC VAR SC .   (rule 42)

    $default	reduce using rule 42 (Assignments)



state 53

    BoolExp  ->  error SC .   (rule 36)

    $default	reduce using rule 36 (BoolExp)



state 54

    C  ->  VAR . error   (rule 69)

    error	shift, and go to state 97



state 55

    C  ->  Floats . error   (rule 70)

    error	shift, and go to state 98



state 56

    Assignments  ->  VAR INC . SC   (rule 39)
    Fact  ->  VAR INC .   (rule 57)

    SC  	shift, and go to state 48

    $default	reduce using rule 57 (Fact)



state 57

    Assignments  ->  VAR DEC . SC   (rule 40)
    Fact  ->  VAR DEC .   (rule 58)

    SC  	shift, and go to state 49

    $default	reduce using rule 58 (Fact)



state 58

    Fact  ->  VAR C .   (rule 61)

    $default	reduce using rule 61 (Fact)



state 59

    Fact  ->  Floats INC . error   (rule 63)

    error	shift, and go to state 99



state 60

    Fact  ->  Floats DEC . error   (rule 64)

    error	shift, and go to state 100



state 61

    Fact  ->  Floats C .   (rule 62)

    $default	reduce using rule 62 (Fact)



state 62

    IfStatement  ->  If LP BoolExp . RP CL @7 S CR @8 ElseExpr   (rule 22)
    IfStatement  ->  If LP BoolExp . CL error CR   (rule 24)
    BoolExp  ->  BoolExp . BoolAnd BoolExp   (rule 34)
    BoolExp  ->  BoolExp . BoolOr BoolExp   (rule 35)

    RP  	shift, and go to state 101
    CL  	shift, and go to state 102
    BoolAnd	shift, and go to state 71
    BoolOr	shift, and go to state 72



state 63

    BoolExp  ->  Expr . RELOP Expr   (rule 31)
    Expr  ->  Expr . '+' Expr   (rule 49)
    Expr  ->  Expr . '-' Expr   (rule 50)
    Expr  ->  Expr . '^' Expr   (rule 51)
    Expr  ->  Expr . '*' Expr   (rule 52)
    Expr  ->  Expr . '/' Expr   (rule 53)
    Expr  ->  Expr . '%' Expr   (rule 54)
    Expr  ->  Expr . Op   (rule 55)
    Fact  ->  LP Expr . RP   (rule 67)
    Fact  ->  LP Expr . error   (rule 68)

    error	shift, and go to state 103
    RP  	shift, and go to state 104
    RELOP	shift, and go to state 73
    '^' 	shift, and go to state 74
    '+' 	shift, and go to state 75
    '-' 	shift, and go to state 76
    '*' 	shift, and go to state 77
    '/' 	shift, and go to state 78
    '%' 	shift, and go to state 79

    Op  	go to state 80



state 64

    Assignments  ->  INC VAR . SC   (rule 41)
    Fact  ->  INC VAR .   (rule 59)

    SC  	shift, and go to state 51

    $default	reduce using rule 59 (Fact)



state 65

    Fact  ->  INC Floats . error   (rule 66)

    error	shift, and go to state 105



state 66

    Assignments  ->  DEC VAR . SC   (rule 42)
    Fact  ->  DEC VAR .   (rule 60)

    SC  	shift, and go to state 52

    $default	reduce using rule 60 (Fact)



state 67

    Fact  ->  DEC Floats . error   (rule 65)

    error	shift, and go to state 106



state 68

    BoolExp  ->  '!' Expr .   (rule 33)
    Expr  ->  Expr . '+' Expr   (rule 49)
    Expr  ->  Expr . '-' Expr   (rule 50)
    Expr  ->  Expr . '^' Expr   (rule 51)
    Expr  ->  Expr . '*' Expr   (rule 52)
    Expr  ->  Expr . '/' Expr   (rule 53)
    Expr  ->  Expr . '%' Expr   (rule 54)
    Expr  ->  Expr . Op   (rule 55)

    '^' 	shift, and go to state 74
    '+' 	shift, and go to state 75
    '-' 	shift, and go to state 76
    '*' 	shift, and go to state 77
    '/' 	shift, and go to state 78
    '%' 	shift, and go to state 79

    $default	reduce using rule 33 (BoolExp)

    Op  	go to state 80



state 69

    Assignments  ->  TypeDecl VAR . ASSIGN Expr SC   (rule 38)

    ASSIGN	shift, and go to state 83



state 70

    IfStatement  ->  If BoolExp error . CR   (rule 23)

    CR  	shift, and go to state 107



state 71

    BoolExp  ->  BoolExp BoolAnd . BoolExp   (rule 34)

    error	shift, and go to state 23
    VAR 	shift, and go to state 24
    Floats	shift, and go to state 25
    LP  	shift, and go to state 44
    INC 	shift, and go to state 27
    DEC 	shift, and go to state 28
    Int 	shift, and go to state 6
    Float	shift, and go to state 9
    Char	shift, and go to state 10
    '!' 	shift, and go to state 29

    DeclType	go to state 11
    TypeDecl	go to state 30
    BoolExp	go to state 108
    Assignments	go to state 32
    Expr	go to state 33
    Fact	go to state 34



state 72

    BoolExp  ->  BoolExp BoolOr . BoolExp   (rule 35)

    error	shift, and go to state 23
    VAR 	shift, and go to state 24
    Floats	shift, and go to state 25
    LP  	shift, and go to state 44
    INC 	shift, and go to state 27
    DEC 	shift, and go to state 28
    Int 	shift, and go to state 6
    Float	shift, and go to state 9
    Char	shift, and go to state 10
    '!' 	shift, and go to state 29

    DeclType	go to state 11
    TypeDecl	go to state 30
    BoolExp	go to state 109
    Assignments	go to state 32
    Expr	go to state 33
    Fact	go to state 34



state 73

    BoolExp  ->  Expr RELOP . Expr   (rule 31)

    VAR 	shift, and go to state 43
    Floats	shift, and go to state 25
    LP  	shift, and go to state 44
    INC 	shift, and go to state 45
    DEC 	shift, and go to state 46

    Expr	go to state 110
    Fact	go to state 34



state 74

    Expr  ->  Expr '^' . Expr   (rule 51)

    VAR 	shift, and go to state 43
    Floats	shift, and go to state 25
    LP  	shift, and go to state 44
    INC 	shift, and go to state 45
    DEC 	shift, and go to state 46

    Expr	go to state 111
    Fact	go to state 34



state 75

    Op  ->  '+' .   (rule 44)
    Expr  ->  Expr '+' . Expr   (rule 49)

    VAR 	shift, and go to state 43
    Floats	shift, and go to state 25
    LP  	shift, and go to state 44
    INC 	shift, and go to state 45
    DEC 	shift, and go to state 46

    $default	reduce using rule 44 (Op)

    Expr	go to state 112
    Fact	go to state 34



state 76

    Op  ->  '-' .   (rule 45)
    Expr  ->  Expr '-' . Expr   (rule 50)

    VAR 	shift, and go to state 43
    Floats	shift, and go to state 25
    LP  	shift, and go to state 44
    INC 	shift, and go to state 45
    DEC 	shift, and go to state 46

    $default	reduce using rule 45 (Op)

    Expr	go to state 113
    Fact	go to state 34



state 77

    Op  ->  '*' .   (rule 48)
    Expr  ->  Expr '*' . Expr   (rule 52)

    VAR 	shift, and go to state 43
    Floats	shift, and go to state 25
    LP  	shift, and go to state 44
    INC 	shift, and go to state 45
    DEC 	shift, and go to state 46

    $default	reduce using rule 48 (Op)

    Expr	go to state 114
    Fact	go to state 34



state 78

    Op  ->  '/' .   (rule 46)
    Expr  ->  Expr '/' . Expr   (rule 53)

    VAR 	shift, and go to state 43
    Floats	shift, and go to state 25
    LP  	shift, and go to state 44
    INC 	shift, and go to state 45
    DEC 	shift, and go to state 46

    $default	reduce using rule 46 (Op)

    Expr	go to state 115
    Fact	go to state 34



state 79

    Op  ->  '%' .   (rule 47)
    Expr  ->  Expr '%' . Expr   (rule 54)

    VAR 	shift, and go to state 43
    Floats	shift, and go to state 25
    LP  	shift, and go to state 44
    INC 	shift, and go to state 45
    DEC 	shift, and go to state 46

    $default	reduce using rule 47 (Op)

    Expr	go to state 116
    Fact	go to state 34



state 80

    Expr  ->  Expr Op .   (rule 55)

    $default	reduce using rule 55 (Expr)



state 81

    WhileStatements  ->  While LP BoolExp . RP CL @9 S CR   (rule 28)
    WhileStatements  ->  While LP BoolExp . CL error Else CL S CR   (rule 30)
    BoolExp  ->  BoolExp . BoolAnd BoolExp   (rule 34)
    BoolExp  ->  BoolExp . BoolOr BoolExp   (rule 35)

    RP  	shift, and go to state 117
    CL  	shift, and go to state 118
    BoolAnd	shift, and go to state 71
    BoolOr	shift, and go to state 72



state 82

    WhileStatements  ->  While BoolExp error . CR   (rule 29)

    CR  	shift, and go to state 119



state 83

    Assignments  ->  TypeDecl VAR ASSIGN . Expr SC   (rule 38)

    VAR 	shift, and go to state 43
    Floats	shift, and go to state 25
    LP  	shift, and go to state 44
    INC 	shift, and go to state 45
    DEC 	shift, and go to state 46

    Expr	go to state 120
    Fact	go to state 34



state 84

    VarDecl  ->  TypeDecl L SC .   (rule 17)

    $default	reduce using rule 17 (VarDecl)



state 85

    L  ->  L COMMA . VAR   (rule 18)

    VAR 	shift, and go to state 121



state 86

    S  ->  VarDecl @4 S .   (rule 8)

    $default	reduce using rule 8 (S)



state 87

    S  ->  IfStatement @1 S .   (rule 2)

    $default	reduce using rule 2 (S)



state 88

    S  ->  WhileStatements @3 S .   (rule 6)

    $default	reduce using rule 6 (S)



state 89

    S  ->  Assignments @2 S .   (rule 4)

    $default	reduce using rule 4 (S)



state 90

    Fact  ->  VAR INC .   (rule 57)

    $default	reduce using rule 57 (Fact)



state 91

    Fact  ->  VAR DEC .   (rule 58)

    $default	reduce using rule 58 (Fact)



state 92

    Expr  ->  Expr . '+' Expr   (rule 49)
    Expr  ->  Expr . '-' Expr   (rule 50)
    Expr  ->  Expr . '^' Expr   (rule 51)
    Expr  ->  Expr . '*' Expr   (rule 52)
    Expr  ->  Expr . '/' Expr   (rule 53)
    Expr  ->  Expr . '%' Expr   (rule 54)
    Expr  ->  Expr . Op   (rule 55)
    Fact  ->  LP Expr . RP   (rule 67)
    Fact  ->  LP Expr . error   (rule 68)

    error	shift, and go to state 103
    RP  	shift, and go to state 104
    '^' 	shift, and go to state 74
    '+' 	shift, and go to state 75
    '-' 	shift, and go to state 76
    '*' 	shift, and go to state 77
    '/' 	shift, and go to state 78
    '%' 	shift, and go to state 79

    Op  	go to state 80



state 93

    Fact  ->  INC VAR .   (rule 59)

    $default	reduce using rule 59 (Fact)



state 94

    Fact  ->  DEC VAR .   (rule 60)

    $default	reduce using rule 60 (Fact)



state 95

    Assignments  ->  VAR ASSIGN Expr SC .   (rule 37)

    $default	reduce using rule 37 (Assignments)



state 96

    S  ->  CL @5 S CR . @6 S   (rule 11)

    $default	reduce using rule 10 (@6)

    @6  	go to state 122



state 97

    C  ->  VAR error .   (rule 69)

    $default	reduce using rule 69 (C)



state 98

    C  ->  Floats error .   (rule 70)

    $default	reduce using rule 70 (C)



state 99

    Fact  ->  Floats INC error .   (rule 63)

    $default	reduce using rule 63 (Fact)



state 100

    Fact  ->  Floats DEC error .   (rule 64)

    $default	reduce using rule 64 (Fact)



state 101

    IfStatement  ->  If LP BoolExp RP . CL @7 S CR @8 ElseExpr   (rule 22)

    CL  	shift, and go to state 123



state 102

    IfStatement  ->  If LP BoolExp CL . error CR   (rule 24)

    error	shift, and go to state 124



state 103

    Fact  ->  LP Expr error .   (rule 68)

    $default	reduce using rule 68 (Fact)



state 104

    Fact  ->  LP Expr RP .   (rule 67)

    $default	reduce using rule 67 (Fact)



state 105

    Fact  ->  INC Floats error .   (rule 66)

    $default	reduce using rule 66 (Fact)



state 106

    Fact  ->  DEC Floats error .   (rule 65)

    $default	reduce using rule 65 (Fact)



state 107

    IfStatement  ->  If BoolExp error CR .   (rule 23)

    $default	reduce using rule 23 (IfStatement)



state 108

    BoolExp  ->  BoolExp . BoolAnd BoolExp   (rule 34)
    BoolExp  ->  BoolExp BoolAnd BoolExp .   (rule 34)
    BoolExp  ->  BoolExp . BoolOr BoolExp   (rule 35)


    $default	reduce using rule 34 (BoolExp)



state 109

    BoolExp  ->  BoolExp . BoolAnd BoolExp   (rule 34)
    BoolExp  ->  BoolExp . BoolOr BoolExp   (rule 35)
    BoolExp  ->  BoolExp BoolOr BoolExp .   (rule 35)

    BoolAnd	shift, and go to state 71

    $default	reduce using rule 35 (BoolExp)



state 110

    BoolExp  ->  Expr RELOP Expr .   (rule 31)
    Expr  ->  Expr . '+' Expr   (rule 49)
    Expr  ->  Expr . '-' Expr   (rule 50)
    Expr  ->  Expr . '^' Expr   (rule 51)
    Expr  ->  Expr . '*' Expr   (rule 52)
    Expr  ->  Expr . '/' Expr   (rule 53)
    Expr  ->  Expr . '%' Expr   (rule 54)
    Expr  ->  Expr . Op   (rule 55)

    '^' 	shift, and go to state 74
    '+' 	shift, and go to state 75
    '-' 	shift, and go to state 76
    '*' 	shift, and go to state 77
    '/' 	shift, and go to state 78
    '%' 	shift, and go to state 79

    $default	reduce using rule 31 (BoolExp)

    Op  	go to state 80



state 111

    Expr  ->  Expr . '+' Expr   (rule 49)
    Expr  ->  Expr . '-' Expr   (rule 50)
    Expr  ->  Expr . '^' Expr   (rule 51)
    Expr  ->  Expr '^' Expr .   (rule 51)
    Expr  ->  Expr . '*' Expr   (rule 52)
    Expr  ->  Expr . '/' Expr   (rule 53)
    Expr  ->  Expr . '%' Expr   (rule 54)
    Expr  ->  Expr . Op   (rule 55)

    '+' 	shift, and go to state 75
    '-' 	shift, and go to state 76
    '*' 	shift, and go to state 77
    '/' 	shift, and go to state 78
    '%' 	shift, and go to state 79

    $default	reduce using rule 51 (Expr)

    Op  	go to state 80



state 112

    Expr  ->  Expr . '+' Expr   (rule 49)
    Expr  ->  Expr '+' Expr .   (rule 49)
    Expr  ->  Expr . '-' Expr   (rule 50)
    Expr  ->  Expr . '^' Expr   (rule 51)
    Expr  ->  Expr . '*' Expr   (rule 52)
    Expr  ->  Expr . '/' Expr   (rule 53)
    Expr  ->  Expr . '%' Expr   (rule 54)
    Expr  ->  Expr . Op   (rule 55)

    '*' 	shift, and go to state 77
    '/' 	shift, and go to state 78
    '%' 	shift, and go to state 79

    $default	reduce using rule 49 (Expr)

    Op  	go to state 80



state 113

    Expr  ->  Expr . '+' Expr   (rule 49)
    Expr  ->  Expr . '-' Expr   (rule 50)
    Expr  ->  Expr '-' Expr .   (rule 50)
    Expr  ->  Expr . '^' Expr   (rule 51)
    Expr  ->  Expr . '*' Expr   (rule 52)
    Expr  ->  Expr . '/' Expr   (rule 53)
    Expr  ->  Expr . '%' Expr   (rule 54)
    Expr  ->  Expr . Op   (rule 55)

    '*' 	shift, and go to state 77
    '/' 	shift, and go to state 78
    '%' 	shift, and go to state 79

    $default	reduce using rule 50 (Expr)

    Op  	go to state 80



state 114

    Expr  ->  Expr . '+' Expr   (rule 49)
    Expr  ->  Expr . '-' Expr   (rule 50)
    Expr  ->  Expr . '^' Expr   (rule 51)
    Expr  ->  Expr . '*' Expr   (rule 52)
    Expr  ->  Expr '*' Expr .   (rule 52)
    Expr  ->  Expr . '/' Expr   (rule 53)
    Expr  ->  Expr . '%' Expr   (rule 54)
    Expr  ->  Expr . Op   (rule 55)


    $default	reduce using rule 52 (Expr)

    Op  	go to state 80



state 115

    Expr  ->  Expr . '+' Expr   (rule 49)
    Expr  ->  Expr . '-' Expr   (rule 50)
    Expr  ->  Expr . '^' Expr   (rule 51)
    Expr  ->  Expr . '*' Expr   (rule 52)
    Expr  ->  Expr . '/' Expr   (rule 53)
    Expr  ->  Expr '/' Expr .   (rule 53)
    Expr  ->  Expr . '%' Expr   (rule 54)
    Expr  ->  Expr . Op   (rule 55)


    $default	reduce using rule 53 (Expr)

    Op  	go to state 80



state 116

    Expr  ->  Expr . '+' Expr   (rule 49)
    Expr  ->  Expr . '-' Expr   (rule 50)
    Expr  ->  Expr . '^' Expr   (rule 51)
    Expr  ->  Expr . '*' Expr   (rule 52)
    Expr  ->  Expr . '/' Expr   (rule 53)
    Expr  ->  Expr . '%' Expr   (rule 54)
    Expr  ->  Expr '%' Expr .   (rule 54)
    Expr  ->  Expr . Op   (rule 55)


    $default	reduce using rule 54 (Expr)

    Op  	go to state 80



state 117

    WhileStatements  ->  While LP BoolExp RP . CL @9 S CR   (rule 28)

    CL  	shift, and go to state 125



state 118

    WhileStatements  ->  While LP BoolExp CL . error Else CL S CR   (rule 30)

    error	shift, and go to state 126



state 119

    WhileStatements  ->  While BoolExp error CR .   (rule 29)

    $default	reduce using rule 29 (WhileStatements)



state 120

    Assignments  ->  TypeDecl VAR ASSIGN Expr . SC   (rule 38)
    Expr  ->  Expr . '+' Expr   (rule 49)
    Expr  ->  Expr . '-' Expr   (rule 50)
    Expr  ->  Expr . '^' Expr   (rule 51)
    Expr  ->  Expr . '*' Expr   (rule 52)
    Expr  ->  Expr . '/' Expr   (rule 53)
    Expr  ->  Expr . '%' Expr   (rule 54)
    Expr  ->  Expr . Op   (rule 55)

    SC  	shift, and go to state 127
    '^' 	shift, and go to state 74
    '+' 	shift, and go to state 75
    '-' 	shift, and go to state 76
    '*' 	shift, and go to state 77
    '/' 	shift, and go to state 78
    '%' 	shift, and go to state 79

    Op  	go to state 80



state 121

    L  ->  L COMMA VAR .   (rule 18)

    $default	reduce using rule 18 (L)



state 122

    S  ->  CL @5 S CR @6 . S   (rule 11)

    error	shift, and go to state 1
    VAR 	shift, and go to state 2
    CL  	shift, and go to state 3
    INC 	shift, and go to state 4
    DEC 	shift, and go to state 5
    Int 	shift, and go to state 6
    If  	shift, and go to state 7
    While	shift, and go to state 8
    Float	shift, and go to state 9
    Char	shift, and go to state 10

    $   	reduce using rule 12 (S)
    CR  	reduce using rule 12 (S)

    S   	go to state 128
    DeclType	go to state 11
    TypeDecl	go to state 12
    VarDecl	go to state 13
    IfStatement	go to state 14
    WhileStatements	go to state 15
    Assignments	go to state 16



state 123

    IfStatement  ->  If LP BoolExp RP CL . @7 S CR @8 ElseExpr   (rule 22)

    $default	reduce using rule 20 (@7)

    @7  	go to state 129



state 124

    IfStatement  ->  If LP BoolExp CL error . CR   (rule 24)

    CR  	shift, and go to state 130



state 125

    WhileStatements  ->  While LP BoolExp RP CL . @9 S CR   (rule 28)

    $default	reduce using rule 27 (@9)

    @9  	go to state 131



state 126

    WhileStatements  ->  While LP BoolExp CL error . Else CL S CR   (rule 30)

    Else	shift, and go to state 132



state 127

    Assignments  ->  TypeDecl VAR ASSIGN Expr SC .   (rule 38)

    $default	reduce using rule 38 (Assignments)



state 128

    S  ->  CL @5 S CR @6 S .   (rule 11)

    $default	reduce using rule 11 (S)



state 129

    IfStatement  ->  If LP BoolExp RP CL @7 . S CR @8 ElseExpr   (rule 22)

    error	shift, and go to state 1
    VAR 	shift, and go to state 2
    CL  	shift, and go to state 3
    INC 	shift, and go to state 4
    DEC 	shift, and go to state 5
    Int 	shift, and go to state 6
    If  	shift, and go to state 7
    While	shift, and go to state 8
    Float	shift, and go to state 9
    Char	shift, and go to state 10

    CR  	reduce using rule 12 (S)

    S   	go to state 133
    DeclType	go to state 11
    TypeDecl	go to state 12
    VarDecl	go to state 13
    IfStatement	go to state 14
    WhileStatements	go to state 15
    Assignments	go to state 16



state 130

    IfStatement  ->  If LP BoolExp CL error CR .   (rule 24)

    $default	reduce using rule 24 (IfStatement)



state 131

    WhileStatements  ->  While LP BoolExp RP CL @9 . S CR   (rule 28)

    error	shift, and go to state 1
    VAR 	shift, and go to state 2
    CL  	shift, and go to state 3
    INC 	shift, and go to state 4
    DEC 	shift, and go to state 5
    Int 	shift, and go to state 6
    If  	shift, and go to state 7
    While	shift, and go to state 8
    Float	shift, and go to state 9
    Char	shift, and go to state 10

    CR  	reduce using rule 12 (S)

    S   	go to state 134
    DeclType	go to state 11
    TypeDecl	go to state 12
    VarDecl	go to state 13
    IfStatement	go to state 14
    WhileStatements	go to state 15
    Assignments	go to state 16



state 132

    WhileStatements  ->  While LP BoolExp CL error Else . CL S CR   (rule 30)

    CL  	shift, and go to state 135



state 133

    IfStatement  ->  If LP BoolExp RP CL @7 S . CR @8 ElseExpr   (rule 22)

    CR  	shift, and go to state 136



state 134

    WhileStatements  ->  While LP BoolExp RP CL @9 S . CR   (rule 28)

    CR  	shift, and go to state 137



state 135

    WhileStatements  ->  While LP BoolExp CL error Else CL . S CR   (rule 30)

    error	shift, and go to state 1
    VAR 	shift, and go to state 2
    CL  	shift, and go to state 3
    INC 	shift, and go to state 4
    DEC 	shift, and go to state 5
    Int 	shift, and go to state 6
    If  	shift, and go to state 7
    While	shift, and go to state 8
    Float	shift, and go to state 9
    Char	shift, and go to state 10

    CR  	reduce using rule 12 (S)

    S   	go to state 138
    DeclType	go to state 11
    TypeDecl	go to state 12
    VarDecl	go to state 13
    IfStatement	go to state 14
    WhileStatements	go to state 15
    Assignments	go to state 16



state 136

    IfStatement  ->  If LP BoolExp RP CL @7 S CR . @8 ElseExpr   (rule 22)

    $default	reduce using rule 21 (@8)

    @8  	go to state 139



state 137

    WhileStatements  ->  While LP BoolExp RP CL @9 S CR .   (rule 28)

    $default	reduce using rule 28 (WhileStatements)



state 138

    WhileStatements  ->  While LP BoolExp CL error Else CL S . CR   (rule 30)

    CR  	shift, and go to state 140



state 139

    IfStatement  ->  If LP BoolExp RP CL @7 S CR @8 . ElseExpr   (rule 22)

    Else	shift, and go to state 141

    $default	reduce using rule 26 (ElseExpr)

    ElseExpr	go to state 142



state 140

    WhileStatements  ->  While LP BoolExp CL error Else CL S CR .   (rule 30)

    $default	reduce using rule 30 (WhileStatements)



state 141

    ElseExpr  ->  Else . CL S CR   (rule 25)

    CL  	shift, and go to state 143



state 142

    IfStatement  ->  If LP BoolExp RP CL @7 S CR @8 ElseExpr .   (rule 22)

    $default	reduce using rule 22 (IfStatement)



state 143

    ElseExpr  ->  Else CL . S CR   (rule 25)

    error	shift, and go to state 1
    VAR 	shift, and go to state 2
    CL  	shift, and go to state 3
    INC 	shift, and go to state 4
    DEC 	shift, and go to state 5
    Int 	shift, and go to state 6
    If  	shift, and go to state 7
    While	shift, and go to state 8
    Float	shift, and go to state 9
    Char	shift, and go to state 10

    CR  	reduce using rule 12 (S)

    S   	go to state 144
    DeclType	go to state 11
    TypeDecl	go to state 12
    VarDecl	go to state 13
    IfStatement	go to state 14
    WhileStatements	go to state 15
    Assignments	go to state 16



state 144

    ElseExpr  ->  Else CL S . CR   (rule 25)

    CR  	shift, and go to state 145



state 145

    ElseExpr  ->  Else CL S CR .   (rule 25)

    $default	reduce using rule 25 (ElseExpr)



state 146

    $   	go to state 147



state 147

    $   	go to state 148



state 148

    $default	accept
