

Terminals which are not used:

   '|'
   '&'


Conflict in state 104 between rule 42 and token BoolAnd resolved as reduce.
Conflict in state 104 between rule 42 and token BoolOr resolved as reduce.
Conflict in state 105 between rule 43 and token BoolAnd resolved as shift.
Conflict in state 105 between rule 43 and token BoolOr resolved as reduce.
Conflict in state 107 between rule 54 and token '^' resolved as reduce.
Conflict in state 107 between rule 54 and token '+' resolved as shift.
Conflict in state 107 between rule 54 and token '-' resolved as shift.
Conflict in state 107 between rule 54 and token '*' resolved as shift.
Conflict in state 107 between rule 54 and token '/' resolved as shift.
Conflict in state 107 between rule 54 and token '%' resolved as shift.
Conflict in state 108 between rule 52 and token '^' resolved as reduce.
Conflict in state 108 between rule 52 and token '+' resolved as reduce.
Conflict in state 108 between rule 52 and token '-' resolved as reduce.
Conflict in state 108 between rule 52 and token '*' resolved as shift.
Conflict in state 108 between rule 52 and token '/' resolved as shift.
Conflict in state 108 between rule 52 and token '%' resolved as shift.
Conflict in state 109 between rule 53 and token '^' resolved as reduce.
Conflict in state 109 between rule 53 and token '+' resolved as reduce.
Conflict in state 109 between rule 53 and token '-' resolved as reduce.
Conflict in state 109 between rule 53 and token '*' resolved as shift.
Conflict in state 109 between rule 53 and token '/' resolved as shift.
Conflict in state 109 between rule 53 and token '%' resolved as shift.
Conflict in state 110 between rule 55 and token '^' resolved as reduce.
Conflict in state 110 between rule 55 and token '+' resolved as reduce.
Conflict in state 110 between rule 55 and token '-' resolved as reduce.
Conflict in state 110 between rule 55 and token '*' resolved as reduce.
Conflict in state 110 between rule 55 and token '/' resolved as reduce.
Conflict in state 110 between rule 55 and token '%' resolved as reduce.
Conflict in state 111 between rule 56 and token '^' resolved as reduce.
Conflict in state 111 between rule 56 and token '+' resolved as reduce.
Conflict in state 111 between rule 56 and token '-' resolved as reduce.
Conflict in state 111 between rule 56 and token '*' resolved as reduce.
Conflict in state 111 between rule 56 and token '/' resolved as reduce.
Conflict in state 111 between rule 56 and token '%' resolved as reduce.
Conflict in state 112 between rule 57 and token '^' resolved as reduce.
Conflict in state 112 between rule 57 and token '+' resolved as reduce.
Conflict in state 112 between rule 57 and token '-' resolved as reduce.
Conflict in state 112 between rule 57 and token '*' resolved as reduce.
Conflict in state 112 between rule 57 and token '/' resolved as reduce.
Conflict in state 112 between rule 57 and token '%' resolved as reduce.

Grammar
rule 1    @1 ->		/* empty */
rule 2    S -> IfStatement @1 S
rule 3    @2 ->		/* empty */
rule 4    S -> MegAssign SC @2 S
rule 5    @3 ->		/* empty */
rule 6    S -> WhileStatements @3 S
rule 7    @4 ->		/* empty */
rule 8    S -> ForStatements @4 S
rule 9    @5 ->		/* empty */
rule 10   S -> VarDecl @5 S
rule 11   @6 ->		/* empty */
rule 12   @7 ->		/* empty */
rule 13   S -> CL @6 S CR @7 S
rule 14   S ->		/* empty */
rule 15   DeclType -> Int
rule 16   DeclType -> Float
rule 17   DeclType -> Char
rule 18   TypeDecl -> DeclType
rule 19   VarDecl -> TypeDecl L SC
rule 20   L -> L COMMA VAR
rule 21   @8 ->		/* empty */
rule 22   L -> VAR @8 C
rule 23   MegAssign -> Assignments
rule 24   MegAssign -> Increments
rule 25   @9 ->		/* empty */
rule 26   @10 ->		/* empty */
rule 27   IfStatement -> If LP BoolExp RP CL @9 S CR @10 ElseExpr
rule 28   IfStatement -> If BoolExp error CR
rule 29   IfStatement -> If LP BoolExp CL error CR
rule 30   ElseExpr -> Else CL S CR
rule 31   ElseExpr ->		/* empty */
rule 32   @11 ->		/* empty */
rule 33   @12 ->		/* empty */
rule 34   @13 ->		/* empty */
rule 35   ForStatements -> For LP MegAssign SC @11 BoolExp SC @12 MegAssign RP CL @13 S CR
rule 36   @14 ->		/* empty */
rule 37   @15 ->		/* empty */
rule 38   WhileStatements -> While @14 LP BoolExp RP CL @15 S CR
rule 39   BoolExp -> Expr RELOP Expr
rule 40   BoolExp -> Assignments
rule 41   BoolExp -> '!' Expr
rule 42   BoolExp -> BoolExp BoolAnd BoolExp
rule 43   BoolExp -> BoolExp BoolOr BoolExp
rule 44   Assignments -> VAR ASSIGN Expr
rule 45   Assignments -> TypeDecl VAR ASSIGN Expr
rule 46   Assignments -> error SC
rule 47   Op -> '+'
rule 48   Op -> '-'
rule 49   Op -> '/'
rule 50   Op -> '%'
rule 51   Op -> '*'
rule 52   Expr -> Expr '+' Expr
rule 53   Expr -> Expr '-' Expr
rule 54   Expr -> Expr '^' Expr
rule 55   Expr -> Expr '*' Expr
rule 56   Expr -> Expr '/' Expr
rule 57   Expr -> Expr '%' Expr
rule 58   Expr -> Expr Op
rule 59   Expr -> Fact
rule 60   Fact -> Increments
rule 61   @16 ->		/* empty */
rule 62   Fact -> VAR @16 C
rule 63   Fact -> Floats C
rule 64   Fact -> Floats INC error
rule 65   Fact -> Floats DEC error
rule 66   Fact -> DEC Floats error
rule 67   Fact -> INC Floats error
rule 68   Fact -> LP Expr RP
rule 69   Fact -> LP Expr error
rule 70   Increments -> VAR INC
rule 71   Increments -> VAR DEC
rule 72   Increments -> INC VAR
rule 73   Increments -> DEC VAR
rule 74   C -> Arrays
rule 75   C -> VAR error
rule 76   C -> Floats error
rule 77   Arrays -> arrLP Floats arrRP Arrays
rule 78   Arrays ->		/* empty */

Terminals, with rules where they appear

$ (-1)
'!' (33) 41
'%' (37) 50 57
'&' (38)
'*' (42) 51 55
'+' (43) 47 52
'-' (45) 48 53
'/' (47) 49 56
'^' (94) 54
'|' (124)
error (256) 28 29 46 64 65 66 67 69 75 76
VAR (258) 20 22 44 45 62 70 71 72 73 75
Floats (259) 63 64 65 66 67 76 77
ASSIGN (260) 44 45
SC (261) 4 19 35 46
LP (262) 27 29 35 38 68 69
RP (263) 27 35 38 68
CL (264) 13 27 29 30 35 38
CR (265) 13 27 28 29 30 35 38
INC (266) 64 67 70 72
RELOP (267) 39
Else (268) 30
DEC (269) 65 66 71 73
Int (270) 15
If (271) 27 28 29
While (272) 38
BoolAnd (273) 42
BoolOr (274) 43
Float (275) 16
Char (276) 17
COMMA (277) 20
arrRP (278) 77
arrLP (279) 77
For (280) 35

Nonterminals, with rules where they appear

S (35)
    on left: 2 4 6 8 10 13 14, on right: 2 4 6 8 10 13 27 30 35 38
@1 (36)
    on left: 1, on right: 2
@2 (37)
    on left: 3, on right: 4
@3 (38)
    on left: 5, on right: 6
@4 (39)
    on left: 7, on right: 8
@5 (40)
    on left: 9, on right: 10
@6 (41)
    on left: 11, on right: 13
@7 (42)
    on left: 12, on right: 13
DeclType (43)
    on left: 15 16 17, on right: 18
TypeDecl (44)
    on left: 18, on right: 19 45
VarDecl (45)
    on left: 19, on right: 10
L (46)
    on left: 20 22, on right: 19 20
@8 (47)
    on left: 21, on right: 22
MegAssign (48)
    on left: 23 24, on right: 4 35
IfStatement (49)
    on left: 27 28 29, on right: 2
@9 (50)
    on left: 25, on right: 27
@10 (51)
    on left: 26, on right: 27
ElseExpr (52)
    on left: 30 31, on right: 27
ForStatements (53)
    on left: 35, on right: 8
@11 (54)
    on left: 32, on right: 35
@12 (55)
    on left: 33, on right: 35
@13 (56)
    on left: 34, on right: 35
WhileStatements (57)
    on left: 38, on right: 6
@14 (58)
    on left: 36, on right: 38
@15 (59)
    on left: 37, on right: 38
BoolExp (60)
    on left: 39 40 41 42 43, on right: 27 28 29 35 38 42 43
Assignments (61)
    on left: 44 45 46, on right: 23 40
Op (62)
    on left: 47 48 49 50 51, on right: 58
Expr (63)
    on left: 52 53 54 55 56 57 58 59, on right: 39 41 44 45 52 53 54
    55 56 57 58 68 69
Fact (64)
    on left: 60 62 63 64 65 66 67 68 69, on right: 59
@16 (65)
    on left: 61, on right: 62
Increments (66)
    on left: 70 71 72 73, on right: 24 60
C (67)
    on left: 74 75 76, on right: 22 62 63
Arrays (68)
    on left: 77 78, on right: 74 77


state 0

    error	shift, and go to state 1
    VAR 	shift, and go to state 2
    CL  	shift, and go to state 3
    INC 	shift, and go to state 4
    DEC 	shift, and go to state 5
    Int 	shift, and go to state 6
    If  	shift, and go to state 7
    While	shift, and go to state 8
    Float	shift, and go to state 9
    Char	shift, and go to state 10
    For 	shift, and go to state 11

    $   	reduce using rule 14 (S)
    '/' 	reduce using rule 14 (S)

    S   	go to state 150
    DeclType	go to state 12
    TypeDecl	go to state 13
    VarDecl	go to state 14
    MegAssign	go to state 15
    IfStatement	go to state 16
    ForStatements	go to state 17
    WhileStatements	go to state 18
    Assignments	go to state 19
    Increments	go to state 20



state 1

    Assignments  ->  error . SC   (rule 46)

    SC  	shift, and go to state 21



state 2

    Assignments  ->  VAR . ASSIGN Expr   (rule 44)
    Increments  ->  VAR . INC   (rule 70)
    Increments  ->  VAR . DEC   (rule 71)

    ASSIGN	shift, and go to state 22
    INC 	shift, and go to state 23
    DEC 	shift, and go to state 24



state 3

    S  ->  CL . @6 S CR @7 S   (rule 13)

    $default	reduce using rule 11 (@6)

    @6  	go to state 25



state 4

    Increments  ->  INC . VAR   (rule 72)

    VAR 	shift, and go to state 26



state 5

    Increments  ->  DEC . VAR   (rule 73)

    VAR 	shift, and go to state 27



state 6

    DeclType  ->  Int .   (rule 15)

    $default	reduce using rule 15 (DeclType)



state 7

    IfStatement  ->  If . LP BoolExp RP CL @9 S CR @10 ElseExpr   (rule 27)
    IfStatement  ->  If . BoolExp error CR   (rule 28)
    IfStatement  ->  If . LP BoolExp CL error CR   (rule 29)

    error	shift, and go to state 1
    VAR 	shift, and go to state 28
    Floats	shift, and go to state 29
    LP  	shift, and go to state 30
    INC 	shift, and go to state 31
    DEC 	shift, and go to state 32
    Int 	shift, and go to state 6
    Float	shift, and go to state 9
    Char	shift, and go to state 10
    '!' 	shift, and go to state 33

    DeclType	go to state 12
    TypeDecl	go to state 34
    BoolExp	go to state 35
    Assignments	go to state 36
    Expr	go to state 37
    Fact	go to state 38
    Increments	go to state 39



state 8

    WhileStatements  ->  While . @14 LP BoolExp RP CL @15 S CR   (rule 38)

    $default	reduce using rule 36 (@14)

    @14 	go to state 40



state 9

    DeclType  ->  Float .   (rule 16)

    $default	reduce using rule 16 (DeclType)



state 10

    DeclType  ->  Char .   (rule 17)

    $default	reduce using rule 17 (DeclType)



state 11

    ForStatements  ->  For . LP MegAssign SC @11 BoolExp SC @12 MegAssign RP CL @13 S CR   (rule 35)

    LP  	shift, and go to state 41



state 12

    TypeDecl  ->  DeclType .   (rule 18)

    $default	reduce using rule 18 (TypeDecl)



state 13

    VarDecl  ->  TypeDecl . L SC   (rule 19)
    Assignments  ->  TypeDecl . VAR ASSIGN Expr   (rule 45)

    VAR 	shift, and go to state 42

    L   	go to state 43



state 14

    S  ->  VarDecl . @5 S   (rule 10)

    $default	reduce using rule 9 (@5)

    @5  	go to state 44



state 15

    S  ->  MegAssign . SC @2 S   (rule 4)

    SC  	shift, and go to state 45



state 16

    S  ->  IfStatement . @1 S   (rule 2)

    $default	reduce using rule 1 (@1)

    @1  	go to state 46



state 17

    S  ->  ForStatements . @4 S   (rule 8)

    $default	reduce using rule 7 (@4)

    @4  	go to state 47



state 18

    S  ->  WhileStatements . @3 S   (rule 6)

    $default	reduce using rule 5 (@3)

    @3  	go to state 48



state 19

    MegAssign  ->  Assignments .   (rule 23)

    $default	reduce using rule 23 (MegAssign)



state 20

    MegAssign  ->  Increments .   (rule 24)

    $default	reduce using rule 24 (MegAssign)



state 21

    Assignments  ->  error SC .   (rule 46)

    $default	reduce using rule 46 (Assignments)



state 22

    Assignments  ->  VAR ASSIGN . Expr   (rule 44)

    VAR 	shift, and go to state 49
    Floats	shift, and go to state 29
    LP  	shift, and go to state 50
    INC 	shift, and go to state 31
    DEC 	shift, and go to state 32

    Expr	go to state 51
    Fact	go to state 38
    Increments	go to state 39



state 23

    Increments  ->  VAR INC .   (rule 70)

    $default	reduce using rule 70 (Increments)



state 24

    Increments  ->  VAR DEC .   (rule 71)

    $default	reduce using rule 71 (Increments)



state 25

    S  ->  CL @6 . S CR @7 S   (rule 13)

    error	shift, and go to state 1
    VAR 	shift, and go to state 2
    CL  	shift, and go to state 3
    INC 	shift, and go to state 4
    DEC 	shift, and go to state 5
    Int 	shift, and go to state 6
    If  	shift, and go to state 7
    While	shift, and go to state 8
    Float	shift, and go to state 9
    Char	shift, and go to state 10
    For 	shift, and go to state 11

    CR  	reduce using rule 14 (S)

    S   	go to state 52
    DeclType	go to state 12
    TypeDecl	go to state 13
    VarDecl	go to state 14
    MegAssign	go to state 15
    IfStatement	go to state 16
    ForStatements	go to state 17
    WhileStatements	go to state 18
    Assignments	go to state 19
    Increments	go to state 20



state 26

    Increments  ->  INC VAR .   (rule 72)

    $default	reduce using rule 72 (Increments)



state 27

    Increments  ->  DEC VAR .   (rule 73)

    $default	reduce using rule 73 (Increments)



state 28

    Assignments  ->  VAR . ASSIGN Expr   (rule 44)
    Fact  ->  VAR . @16 C   (rule 62)
    Increments  ->  VAR . INC   (rule 70)
    Increments  ->  VAR . DEC   (rule 71)

    ASSIGN	shift, and go to state 22
    INC 	shift, and go to state 23
    DEC 	shift, and go to state 24

    $default	reduce using rule 61 (@16)

    @16 	go to state 53



state 29

    Fact  ->  Floats . C   (rule 63)
    Fact  ->  Floats . INC error   (rule 64)
    Fact  ->  Floats . DEC error   (rule 65)

    VAR 	shift, and go to state 54
    Floats	shift, and go to state 55
    INC 	shift, and go to state 56
    DEC 	shift, and go to state 57
    arrLP	shift, and go to state 58

    $default	reduce using rule 78 (Arrays)

    C   	go to state 59
    Arrays	go to state 60



state 30

    IfStatement  ->  If LP . BoolExp RP CL @9 S CR @10 ElseExpr   (rule 27)
    IfStatement  ->  If LP . BoolExp CL error CR   (rule 29)
    Fact  ->  LP . Expr RP   (rule 68)
    Fact  ->  LP . Expr error   (rule 69)

    error	shift, and go to state 1
    VAR 	shift, and go to state 28
    Floats	shift, and go to state 29
    LP  	shift, and go to state 50
    INC 	shift, and go to state 31
    DEC 	shift, and go to state 32
    Int 	shift, and go to state 6
    Float	shift, and go to state 9
    Char	shift, and go to state 10
    '!' 	shift, and go to state 33

    DeclType	go to state 12
    TypeDecl	go to state 34
    BoolExp	go to state 61
    Assignments	go to state 36
    Expr	go to state 62
    Fact	go to state 38
    Increments	go to state 39



state 31

    Fact  ->  INC . Floats error   (rule 67)
    Increments  ->  INC . VAR   (rule 72)

    VAR 	shift, and go to state 26
    Floats	shift, and go to state 63



state 32

    Fact  ->  DEC . Floats error   (rule 66)
    Increments  ->  DEC . VAR   (rule 73)

    VAR 	shift, and go to state 27
    Floats	shift, and go to state 64



state 33

    BoolExp  ->  '!' . Expr   (rule 41)

    VAR 	shift, and go to state 49
    Floats	shift, and go to state 29
    LP  	shift, and go to state 50
    INC 	shift, and go to state 31
    DEC 	shift, and go to state 32

    Expr	go to state 65
    Fact	go to state 38
    Increments	go to state 39



state 34

    Assignments  ->  TypeDecl . VAR ASSIGN Expr   (rule 45)

    VAR 	shift, and go to state 66



state 35

    IfStatement  ->  If BoolExp . error CR   (rule 28)
    BoolExp  ->  BoolExp . BoolAnd BoolExp   (rule 42)
    BoolExp  ->  BoolExp . BoolOr BoolExp   (rule 43)

    error	shift, and go to state 67
    BoolAnd	shift, and go to state 68
    BoolOr	shift, and go to state 69



state 36

    BoolExp  ->  Assignments .   (rule 40)

    $default	reduce using rule 40 (BoolExp)



state 37

    BoolExp  ->  Expr . RELOP Expr   (rule 39)
    Expr  ->  Expr . '+' Expr   (rule 52)
    Expr  ->  Expr . '-' Expr   (rule 53)
    Expr  ->  Expr . '^' Expr   (rule 54)
    Expr  ->  Expr . '*' Expr   (rule 55)
    Expr  ->  Expr . '/' Expr   (rule 56)
    Expr  ->  Expr . '%' Expr   (rule 57)
    Expr  ->  Expr . Op   (rule 58)

    RELOP	shift, and go to state 70
    '^' 	shift, and go to state 71
    '+' 	shift, and go to state 72
    '-' 	shift, and go to state 73
    '*' 	shift, and go to state 74
    '/' 	shift, and go to state 75
    '%' 	shift, and go to state 76

    Op  	go to state 77



state 38

    Expr  ->  Fact .   (rule 59)

    $default	reduce using rule 59 (Expr)



state 39

    Fact  ->  Increments .   (rule 60)

    $default	reduce using rule 60 (Fact)



state 40

    WhileStatements  ->  While @14 . LP BoolExp RP CL @15 S CR   (rule 38)

    LP  	shift, and go to state 78



state 41

    ForStatements  ->  For LP . MegAssign SC @11 BoolExp SC @12 MegAssign RP CL @13 S CR   (rule 35)

    error	shift, and go to state 1
    VAR 	shift, and go to state 2
    INC 	shift, and go to state 4
    DEC 	shift, and go to state 5
    Int 	shift, and go to state 6
    Float	shift, and go to state 9
    Char	shift, and go to state 10

    DeclType	go to state 12
    TypeDecl	go to state 34
    MegAssign	go to state 79
    Assignments	go to state 19
    Increments	go to state 20



state 42

    L  ->  VAR . @8 C   (rule 22)
    Assignments  ->  TypeDecl VAR . ASSIGN Expr   (rule 45)

    ASSIGN	shift, and go to state 80

    $default	reduce using rule 21 (@8)

    @8  	go to state 81



state 43

    VarDecl  ->  TypeDecl L . SC   (rule 19)
    L  ->  L . COMMA VAR   (rule 20)

    SC  	shift, and go to state 82
    COMMA	shift, and go to state 83



state 44

    S  ->  VarDecl @5 . S   (rule 10)

    error	shift, and go to state 1
    VAR 	shift, and go to state 2
    CL  	shift, and go to state 3
    INC 	shift, and go to state 4
    DEC 	shift, and go to state 5
    Int 	shift, and go to state 6
    If  	shift, and go to state 7
    While	shift, and go to state 8
    Float	shift, and go to state 9
    Char	shift, and go to state 10
    For 	shift, and go to state 11

    $   	reduce using rule 14 (S)
    CR  	reduce using rule 14 (S)
    '/' 	reduce using rule 14 (S)

    S   	go to state 84
    DeclType	go to state 12
    TypeDecl	go to state 13
    VarDecl	go to state 14
    MegAssign	go to state 15
    IfStatement	go to state 16
    ForStatements	go to state 17
    WhileStatements	go to state 18
    Assignments	go to state 19
    Increments	go to state 20



state 45

    S  ->  MegAssign SC . @2 S   (rule 4)

    $default	reduce using rule 3 (@2)

    @2  	go to state 85



state 46

    S  ->  IfStatement @1 . S   (rule 2)

    error	shift, and go to state 1
    VAR 	shift, and go to state 2
    CL  	shift, and go to state 3
    INC 	shift, and go to state 4
    DEC 	shift, and go to state 5
    Int 	shift, and go to state 6
    If  	shift, and go to state 7
    While	shift, and go to state 8
    Float	shift, and go to state 9
    Char	shift, and go to state 10
    For 	shift, and go to state 11

    $   	reduce using rule 14 (S)
    CR  	reduce using rule 14 (S)
    '/' 	reduce using rule 14 (S)

    S   	go to state 86
    DeclType	go to state 12
    TypeDecl	go to state 13
    VarDecl	go to state 14
    MegAssign	go to state 15
    IfStatement	go to state 16
    ForStatements	go to state 17
    WhileStatements	go to state 18
    Assignments	go to state 19
    Increments	go to state 20



state 47

    S  ->  ForStatements @4 . S   (rule 8)

    error	shift, and go to state 1
    VAR 	shift, and go to state 2
    CL  	shift, and go to state 3
    INC 	shift, and go to state 4
    DEC 	shift, and go to state 5
    Int 	shift, and go to state 6
    If  	shift, and go to state 7
    While	shift, and go to state 8
    Float	shift, and go to state 9
    Char	shift, and go to state 10
    For 	shift, and go to state 11

    $   	reduce using rule 14 (S)
    CR  	reduce using rule 14 (S)
    '/' 	reduce using rule 14 (S)

    S   	go to state 87
    DeclType	go to state 12
    TypeDecl	go to state 13
    VarDecl	go to state 14
    MegAssign	go to state 15
    IfStatement	go to state 16
    ForStatements	go to state 17
    WhileStatements	go to state 18
    Assignments	go to state 19
    Increments	go to state 20



state 48

    S  ->  WhileStatements @3 . S   (rule 6)

    error	shift, and go to state 1
    VAR 	shift, and go to state 2
    CL  	shift, and go to state 3
    INC 	shift, and go to state 4
    DEC 	shift, and go to state 5
    Int 	shift, and go to state 6
    If  	shift, and go to state 7
    While	shift, and go to state 8
    Float	shift, and go to state 9
    Char	shift, and go to state 10
    For 	shift, and go to state 11

    $   	reduce using rule 14 (S)
    CR  	reduce using rule 14 (S)
    '/' 	reduce using rule 14 (S)

    S   	go to state 88
    DeclType	go to state 12
    TypeDecl	go to state 13
    VarDecl	go to state 14
    MegAssign	go to state 15
    IfStatement	go to state 16
    ForStatements	go to state 17
    WhileStatements	go to state 18
    Assignments	go to state 19
    Increments	go to state 20



state 49

    Fact  ->  VAR . @16 C   (rule 62)
    Increments  ->  VAR . INC   (rule 70)
    Increments  ->  VAR . DEC   (rule 71)

    INC 	shift, and go to state 23
    DEC 	shift, and go to state 24

    $default	reduce using rule 61 (@16)

    @16 	go to state 53



state 50

    Fact  ->  LP . Expr RP   (rule 68)
    Fact  ->  LP . Expr error   (rule 69)

    VAR 	shift, and go to state 49
    Floats	shift, and go to state 29
    LP  	shift, and go to state 50
    INC 	shift, and go to state 31
    DEC 	shift, and go to state 32

    Expr	go to state 89
    Fact	go to state 38
    Increments	go to state 39



state 51

    Assignments  ->  VAR ASSIGN Expr .   (rule 44)
    Expr  ->  Expr . '+' Expr   (rule 52)
    Expr  ->  Expr . '-' Expr   (rule 53)
    Expr  ->  Expr . '^' Expr   (rule 54)
    Expr  ->  Expr . '*' Expr   (rule 55)
    Expr  ->  Expr . '/' Expr   (rule 56)
    Expr  ->  Expr . '%' Expr   (rule 57)
    Expr  ->  Expr . Op   (rule 58)

    '^' 	shift, and go to state 71
    '+' 	shift, and go to state 72
    '-' 	shift, and go to state 73
    '*' 	shift, and go to state 74
    '/' 	shift, and go to state 75
    '%' 	shift, and go to state 76

    $default	reduce using rule 44 (Assignments)

    Op  	go to state 77



state 52

    S  ->  CL @6 S . CR @7 S   (rule 13)

    CR  	shift, and go to state 90



state 53

    Fact  ->  VAR @16 . C   (rule 62)

    VAR 	shift, and go to state 54
    Floats	shift, and go to state 55
    arrLP	shift, and go to state 58

    $default	reduce using rule 78 (Arrays)

    C   	go to state 91
    Arrays	go to state 60



state 54

    C  ->  VAR . error   (rule 75)

    error	shift, and go to state 92



state 55

    C  ->  Floats . error   (rule 76)

    error	shift, and go to state 93



state 56

    Fact  ->  Floats INC . error   (rule 64)

    error	shift, and go to state 94



state 57

    Fact  ->  Floats DEC . error   (rule 65)

    error	shift, and go to state 95



state 58

    Arrays  ->  arrLP . Floats arrRP Arrays   (rule 77)

    Floats	shift, and go to state 96



state 59

    Fact  ->  Floats C .   (rule 63)

    $default	reduce using rule 63 (Fact)



state 60

    C  ->  Arrays .   (rule 74)

    $default	reduce using rule 74 (C)



state 61

    IfStatement  ->  If LP BoolExp . RP CL @9 S CR @10 ElseExpr   (rule 27)
    IfStatement  ->  If LP BoolExp . CL error CR   (rule 29)
    BoolExp  ->  BoolExp . BoolAnd BoolExp   (rule 42)
    BoolExp  ->  BoolExp . BoolOr BoolExp   (rule 43)

    RP  	shift, and go to state 97
    CL  	shift, and go to state 98
    BoolAnd	shift, and go to state 68
    BoolOr	shift, and go to state 69



state 62

    BoolExp  ->  Expr . RELOP Expr   (rule 39)
    Expr  ->  Expr . '+' Expr   (rule 52)
    Expr  ->  Expr . '-' Expr   (rule 53)
    Expr  ->  Expr . '^' Expr   (rule 54)
    Expr  ->  Expr . '*' Expr   (rule 55)
    Expr  ->  Expr . '/' Expr   (rule 56)
    Expr  ->  Expr . '%' Expr   (rule 57)
    Expr  ->  Expr . Op   (rule 58)
    Fact  ->  LP Expr . RP   (rule 68)
    Fact  ->  LP Expr . error   (rule 69)

    error	shift, and go to state 99
    RP  	shift, and go to state 100
    RELOP	shift, and go to state 70
    '^' 	shift, and go to state 71
    '+' 	shift, and go to state 72
    '-' 	shift, and go to state 73
    '*' 	shift, and go to state 74
    '/' 	shift, and go to state 75
    '%' 	shift, and go to state 76

    Op  	go to state 77



state 63

    Fact  ->  INC Floats . error   (rule 67)

    error	shift, and go to state 101



state 64

    Fact  ->  DEC Floats . error   (rule 66)

    error	shift, and go to state 102



state 65

    BoolExp  ->  '!' Expr .   (rule 41)
    Expr  ->  Expr . '+' Expr   (rule 52)
    Expr  ->  Expr . '-' Expr   (rule 53)
    Expr  ->  Expr . '^' Expr   (rule 54)
    Expr  ->  Expr . '*' Expr   (rule 55)
    Expr  ->  Expr . '/' Expr   (rule 56)
    Expr  ->  Expr . '%' Expr   (rule 57)
    Expr  ->  Expr . Op   (rule 58)

    '^' 	shift, and go to state 71
    '+' 	shift, and go to state 72
    '-' 	shift, and go to state 73
    '*' 	shift, and go to state 74
    '/' 	shift, and go to state 75
    '%' 	shift, and go to state 76

    $default	reduce using rule 41 (BoolExp)

    Op  	go to state 77



state 66

    Assignments  ->  TypeDecl VAR . ASSIGN Expr   (rule 45)

    ASSIGN	shift, and go to state 80



state 67

    IfStatement  ->  If BoolExp error . CR   (rule 28)

    CR  	shift, and go to state 103



state 68

    BoolExp  ->  BoolExp BoolAnd . BoolExp   (rule 42)

    error	shift, and go to state 1
    VAR 	shift, and go to state 28
    Floats	shift, and go to state 29
    LP  	shift, and go to state 50
    INC 	shift, and go to state 31
    DEC 	shift, and go to state 32
    Int 	shift, and go to state 6
    Float	shift, and go to state 9
    Char	shift, and go to state 10
    '!' 	shift, and go to state 33

    DeclType	go to state 12
    TypeDecl	go to state 34
    BoolExp	go to state 104
    Assignments	go to state 36
    Expr	go to state 37
    Fact	go to state 38
    Increments	go to state 39



state 69

    BoolExp  ->  BoolExp BoolOr . BoolExp   (rule 43)

    error	shift, and go to state 1
    VAR 	shift, and go to state 28
    Floats	shift, and go to state 29
    LP  	shift, and go to state 50
    INC 	shift, and go to state 31
    DEC 	shift, and go to state 32
    Int 	shift, and go to state 6
    Float	shift, and go to state 9
    Char	shift, and go to state 10
    '!' 	shift, and go to state 33

    DeclType	go to state 12
    TypeDecl	go to state 34
    BoolExp	go to state 105
    Assignments	go to state 36
    Expr	go to state 37
    Fact	go to state 38
    Increments	go to state 39



state 70

    BoolExp  ->  Expr RELOP . Expr   (rule 39)

    VAR 	shift, and go to state 49
    Floats	shift, and go to state 29
    LP  	shift, and go to state 50
    INC 	shift, and go to state 31
    DEC 	shift, and go to state 32

    Expr	go to state 106
    Fact	go to state 38
    Increments	go to state 39



state 71

    Expr  ->  Expr '^' . Expr   (rule 54)

    VAR 	shift, and go to state 49
    Floats	shift, and go to state 29
    LP  	shift, and go to state 50
    INC 	shift, and go to state 31
    DEC 	shift, and go to state 32

    Expr	go to state 107
    Fact	go to state 38
    Increments	go to state 39



state 72

    Op  ->  '+' .   (rule 47)
    Expr  ->  Expr '+' . Expr   (rule 52)

    VAR 	shift, and go to state 49
    Floats	shift, and go to state 29
    LP  	shift, and go to state 50
    INC 	shift, and go to state 31
    DEC 	shift, and go to state 32

    $default	reduce using rule 47 (Op)

    Expr	go to state 108
    Fact	go to state 38
    Increments	go to state 39



state 73

    Op  ->  '-' .   (rule 48)
    Expr  ->  Expr '-' . Expr   (rule 53)

    VAR 	shift, and go to state 49
    Floats	shift, and go to state 29
    LP  	shift, and go to state 50
    INC 	shift, and go to state 31
    DEC 	shift, and go to state 32

    $default	reduce using rule 48 (Op)

    Expr	go to state 109
    Fact	go to state 38
    Increments	go to state 39



state 74

    Op  ->  '*' .   (rule 51)
    Expr  ->  Expr '*' . Expr   (rule 55)

    VAR 	shift, and go to state 49
    Floats	shift, and go to state 29
    LP  	shift, and go to state 50
    INC 	shift, and go to state 31
    DEC 	shift, and go to state 32

    $default	reduce using rule 51 (Op)

    Expr	go to state 110
    Fact	go to state 38
    Increments	go to state 39



state 75

    Op  ->  '/' .   (rule 49)
    Expr  ->  Expr '/' . Expr   (rule 56)

    VAR 	shift, and go to state 49
    Floats	shift, and go to state 29
    LP  	shift, and go to state 50
    INC 	shift, and go to state 31
    DEC 	shift, and go to state 32

    $default	reduce using rule 49 (Op)

    Expr	go to state 111
    Fact	go to state 38
    Increments	go to state 39



state 76

    Op  ->  '%' .   (rule 50)
    Expr  ->  Expr '%' . Expr   (rule 57)

    VAR 	shift, and go to state 49
    Floats	shift, and go to state 29
    LP  	shift, and go to state 50
    INC 	shift, and go to state 31
    DEC 	shift, and go to state 32

    $default	reduce using rule 50 (Op)

    Expr	go to state 112
    Fact	go to state 38
    Increments	go to state 39



state 77

    Expr  ->  Expr Op .   (rule 58)

    $default	reduce using rule 58 (Expr)



state 78

    WhileStatements  ->  While @14 LP . BoolExp RP CL @15 S CR   (rule 38)

    error	shift, and go to state 1
    VAR 	shift, and go to state 28
    Floats	shift, and go to state 29
    LP  	shift, and go to state 50
    INC 	shift, and go to state 31
    DEC 	shift, and go to state 32
    Int 	shift, and go to state 6
    Float	shift, and go to state 9
    Char	shift, and go to state 10
    '!' 	shift, and go to state 33

    DeclType	go to state 12
    TypeDecl	go to state 34
    BoolExp	go to state 113
    Assignments	go to state 36
    Expr	go to state 37
    Fact	go to state 38
    Increments	go to state 39



state 79

    ForStatements  ->  For LP MegAssign . SC @11 BoolExp SC @12 MegAssign RP CL @13 S CR   (rule 35)

    SC  	shift, and go to state 114



state 80

    Assignments  ->  TypeDecl VAR ASSIGN . Expr   (rule 45)

    VAR 	shift, and go to state 49
    Floats	shift, and go to state 29
    LP  	shift, and go to state 50
    INC 	shift, and go to state 31
    DEC 	shift, and go to state 32

    Expr	go to state 115
    Fact	go to state 38
    Increments	go to state 39



state 81

    L  ->  VAR @8 . C   (rule 22)

    VAR 	shift, and go to state 54
    Floats	shift, and go to state 55
    arrLP	shift, and go to state 58

    $default	reduce using rule 78 (Arrays)

    C   	go to state 116
    Arrays	go to state 60



state 82

    VarDecl  ->  TypeDecl L SC .   (rule 19)

    $default	reduce using rule 19 (VarDecl)



state 83

    L  ->  L COMMA . VAR   (rule 20)

    VAR 	shift, and go to state 117



state 84

    S  ->  VarDecl @5 S .   (rule 10)

    $default	reduce using rule 10 (S)



state 85

    S  ->  MegAssign SC @2 . S   (rule 4)

    error	shift, and go to state 1
    VAR 	shift, and go to state 2
    CL  	shift, and go to state 3
    INC 	shift, and go to state 4
    DEC 	shift, and go to state 5
    Int 	shift, and go to state 6
    If  	shift, and go to state 7
    While	shift, and go to state 8
    Float	shift, and go to state 9
    Char	shift, and go to state 10
    For 	shift, and go to state 11

    $   	reduce using rule 14 (S)
    CR  	reduce using rule 14 (S)
    '/' 	reduce using rule 14 (S)

    S   	go to state 118
    DeclType	go to state 12
    TypeDecl	go to state 13
    VarDecl	go to state 14
    MegAssign	go to state 15
    IfStatement	go to state 16
    ForStatements	go to state 17
    WhileStatements	go to state 18
    Assignments	go to state 19
    Increments	go to state 20



state 86

    S  ->  IfStatement @1 S .   (rule 2)

    $default	reduce using rule 2 (S)



state 87

    S  ->  ForStatements @4 S .   (rule 8)

    $default	reduce using rule 8 (S)



state 88

    S  ->  WhileStatements @3 S .   (rule 6)

    $default	reduce using rule 6 (S)



state 89

    Expr  ->  Expr . '+' Expr   (rule 52)
    Expr  ->  Expr . '-' Expr   (rule 53)
    Expr  ->  Expr . '^' Expr   (rule 54)
    Expr  ->  Expr . '*' Expr   (rule 55)
    Expr  ->  Expr . '/' Expr   (rule 56)
    Expr  ->  Expr . '%' Expr   (rule 57)
    Expr  ->  Expr . Op   (rule 58)
    Fact  ->  LP Expr . RP   (rule 68)
    Fact  ->  LP Expr . error   (rule 69)

    error	shift, and go to state 99
    RP  	shift, and go to state 100
    '^' 	shift, and go to state 71
    '+' 	shift, and go to state 72
    '-' 	shift, and go to state 73
    '*' 	shift, and go to state 74
    '/' 	shift, and go to state 75
    '%' 	shift, and go to state 76

    Op  	go to state 77



state 90

    S  ->  CL @6 S CR . @7 S   (rule 13)

    $default	reduce using rule 12 (@7)

    @7  	go to state 119



state 91

    Fact  ->  VAR @16 C .   (rule 62)

    $default	reduce using rule 62 (Fact)



state 92

    C  ->  VAR error .   (rule 75)

    $default	reduce using rule 75 (C)



state 93

    C  ->  Floats error .   (rule 76)

    $default	reduce using rule 76 (C)



state 94

    Fact  ->  Floats INC error .   (rule 64)

    $default	reduce using rule 64 (Fact)



state 95

    Fact  ->  Floats DEC error .   (rule 65)

    $default	reduce using rule 65 (Fact)



state 96

    Arrays  ->  arrLP Floats . arrRP Arrays   (rule 77)

    arrRP	shift, and go to state 120



state 97

    IfStatement  ->  If LP BoolExp RP . CL @9 S CR @10 ElseExpr   (rule 27)

    CL  	shift, and go to state 121



state 98

    IfStatement  ->  If LP BoolExp CL . error CR   (rule 29)

    error	shift, and go to state 122



state 99

    Fact  ->  LP Expr error .   (rule 69)

    $default	reduce using rule 69 (Fact)



state 100

    Fact  ->  LP Expr RP .   (rule 68)

    $default	reduce using rule 68 (Fact)



state 101

    Fact  ->  INC Floats error .   (rule 67)

    $default	reduce using rule 67 (Fact)



state 102

    Fact  ->  DEC Floats error .   (rule 66)

    $default	reduce using rule 66 (Fact)



state 103

    IfStatement  ->  If BoolExp error CR .   (rule 28)

    $default	reduce using rule 28 (IfStatement)



state 104

    BoolExp  ->  BoolExp . BoolAnd BoolExp   (rule 42)
    BoolExp  ->  BoolExp BoolAnd BoolExp .   (rule 42)
    BoolExp  ->  BoolExp . BoolOr BoolExp   (rule 43)


    $default	reduce using rule 42 (BoolExp)



state 105

    BoolExp  ->  BoolExp . BoolAnd BoolExp   (rule 42)
    BoolExp  ->  BoolExp . BoolOr BoolExp   (rule 43)
    BoolExp  ->  BoolExp BoolOr BoolExp .   (rule 43)

    BoolAnd	shift, and go to state 68

    $default	reduce using rule 43 (BoolExp)



state 106

    BoolExp  ->  Expr RELOP Expr .   (rule 39)
    Expr  ->  Expr . '+' Expr   (rule 52)
    Expr  ->  Expr . '-' Expr   (rule 53)
    Expr  ->  Expr . '^' Expr   (rule 54)
    Expr  ->  Expr . '*' Expr   (rule 55)
    Expr  ->  Expr . '/' Expr   (rule 56)
    Expr  ->  Expr . '%' Expr   (rule 57)
    Expr  ->  Expr . Op   (rule 58)

    '^' 	shift, and go to state 71
    '+' 	shift, and go to state 72
    '-' 	shift, and go to state 73
    '*' 	shift, and go to state 74
    '/' 	shift, and go to state 75
    '%' 	shift, and go to state 76

    $default	reduce using rule 39 (BoolExp)

    Op  	go to state 77



state 107

    Expr  ->  Expr . '+' Expr   (rule 52)
    Expr  ->  Expr . '-' Expr   (rule 53)
    Expr  ->  Expr . '^' Expr   (rule 54)
    Expr  ->  Expr '^' Expr .   (rule 54)
    Expr  ->  Expr . '*' Expr   (rule 55)
    Expr  ->  Expr . '/' Expr   (rule 56)
    Expr  ->  Expr . '%' Expr   (rule 57)
    Expr  ->  Expr . Op   (rule 58)

    '+' 	shift, and go to state 72
    '-' 	shift, and go to state 73
    '*' 	shift, and go to state 74
    '/' 	shift, and go to state 75
    '%' 	shift, and go to state 76

    $default	reduce using rule 54 (Expr)

    Op  	go to state 77



state 108

    Expr  ->  Expr . '+' Expr   (rule 52)
    Expr  ->  Expr '+' Expr .   (rule 52)
    Expr  ->  Expr . '-' Expr   (rule 53)
    Expr  ->  Expr . '^' Expr   (rule 54)
    Expr  ->  Expr . '*' Expr   (rule 55)
    Expr  ->  Expr . '/' Expr   (rule 56)
    Expr  ->  Expr . '%' Expr   (rule 57)
    Expr  ->  Expr . Op   (rule 58)

    '*' 	shift, and go to state 74
    '/' 	shift, and go to state 75
    '%' 	shift, and go to state 76

    $default	reduce using rule 52 (Expr)

    Op  	go to state 77



state 109

    Expr  ->  Expr . '+' Expr   (rule 52)
    Expr  ->  Expr . '-' Expr   (rule 53)
    Expr  ->  Expr '-' Expr .   (rule 53)
    Expr  ->  Expr . '^' Expr   (rule 54)
    Expr  ->  Expr . '*' Expr   (rule 55)
    Expr  ->  Expr . '/' Expr   (rule 56)
    Expr  ->  Expr . '%' Expr   (rule 57)
    Expr  ->  Expr . Op   (rule 58)

    '*' 	shift, and go to state 74
    '/' 	shift, and go to state 75
    '%' 	shift, and go to state 76

    $default	reduce using rule 53 (Expr)

    Op  	go to state 77



state 110

    Expr  ->  Expr . '+' Expr   (rule 52)
    Expr  ->  Expr . '-' Expr   (rule 53)
    Expr  ->  Expr . '^' Expr   (rule 54)
    Expr  ->  Expr . '*' Expr   (rule 55)
    Expr  ->  Expr '*' Expr .   (rule 55)
    Expr  ->  Expr . '/' Expr   (rule 56)
    Expr  ->  Expr . '%' Expr   (rule 57)
    Expr  ->  Expr . Op   (rule 58)


    $default	reduce using rule 55 (Expr)

    Op  	go to state 77



state 111

    Expr  ->  Expr . '+' Expr   (rule 52)
    Expr  ->  Expr . '-' Expr   (rule 53)
    Expr  ->  Expr . '^' Expr   (rule 54)
    Expr  ->  Expr . '*' Expr   (rule 55)
    Expr  ->  Expr . '/' Expr   (rule 56)
    Expr  ->  Expr '/' Expr .   (rule 56)
    Expr  ->  Expr . '%' Expr   (rule 57)
    Expr  ->  Expr . Op   (rule 58)


    $default	reduce using rule 56 (Expr)

    Op  	go to state 77



state 112

    Expr  ->  Expr . '+' Expr   (rule 52)
    Expr  ->  Expr . '-' Expr   (rule 53)
    Expr  ->  Expr . '^' Expr   (rule 54)
    Expr  ->  Expr . '*' Expr   (rule 55)
    Expr  ->  Expr . '/' Expr   (rule 56)
    Expr  ->  Expr . '%' Expr   (rule 57)
    Expr  ->  Expr '%' Expr .   (rule 57)
    Expr  ->  Expr . Op   (rule 58)


    $default	reduce using rule 57 (Expr)

    Op  	go to state 77



state 113

    WhileStatements  ->  While @14 LP BoolExp . RP CL @15 S CR   (rule 38)
    BoolExp  ->  BoolExp . BoolAnd BoolExp   (rule 42)
    BoolExp  ->  BoolExp . BoolOr BoolExp   (rule 43)

    RP  	shift, and go to state 123
    BoolAnd	shift, and go to state 68
    BoolOr	shift, and go to state 69



state 114

    ForStatements  ->  For LP MegAssign SC . @11 BoolExp SC @12 MegAssign RP CL @13 S CR   (rule 35)

    $default	reduce using rule 32 (@11)

    @11 	go to state 124



state 115

    Assignments  ->  TypeDecl VAR ASSIGN Expr .   (rule 45)
    Expr  ->  Expr . '+' Expr   (rule 52)
    Expr  ->  Expr . '-' Expr   (rule 53)
    Expr  ->  Expr . '^' Expr   (rule 54)
    Expr  ->  Expr . '*' Expr   (rule 55)
    Expr  ->  Expr . '/' Expr   (rule 56)
    Expr  ->  Expr . '%' Expr   (rule 57)
    Expr  ->  Expr . Op   (rule 58)

    '^' 	shift, and go to state 71
    '+' 	shift, and go to state 72
    '-' 	shift, and go to state 73
    '*' 	shift, and go to state 74
    '/' 	shift, and go to state 75
    '%' 	shift, and go to state 76

    $default	reduce using rule 45 (Assignments)

    Op  	go to state 77



state 116

    L  ->  VAR @8 C .   (rule 22)

    $default	reduce using rule 22 (L)



state 117

    L  ->  L COMMA VAR .   (rule 20)

    $default	reduce using rule 20 (L)



state 118

    S  ->  MegAssign SC @2 S .   (rule 4)

    $default	reduce using rule 4 (S)



state 119

    S  ->  CL @6 S CR @7 . S   (rule 13)

    error	shift, and go to state 1
    VAR 	shift, and go to state 2
    CL  	shift, and go to state 3
    INC 	shift, and go to state 4
    DEC 	shift, and go to state 5
    Int 	shift, and go to state 6
    If  	shift, and go to state 7
    While	shift, and go to state 8
    Float	shift, and go to state 9
    Char	shift, and go to state 10
    For 	shift, and go to state 11

    $   	reduce using rule 14 (S)
    CR  	reduce using rule 14 (S)
    '/' 	reduce using rule 14 (S)

    S   	go to state 125
    DeclType	go to state 12
    TypeDecl	go to state 13
    VarDecl	go to state 14
    MegAssign	go to state 15
    IfStatement	go to state 16
    ForStatements	go to state 17
    WhileStatements	go to state 18
    Assignments	go to state 19
    Increments	go to state 20



state 120

    Arrays  ->  arrLP Floats arrRP . Arrays   (rule 77)

    arrLP	shift, and go to state 58

    $default	reduce using rule 78 (Arrays)

    Arrays	go to state 126



state 121

    IfStatement  ->  If LP BoolExp RP CL . @9 S CR @10 ElseExpr   (rule 27)

    $default	reduce using rule 25 (@9)

    @9  	go to state 127



state 122

    IfStatement  ->  If LP BoolExp CL error . CR   (rule 29)

    CR  	shift, and go to state 128



state 123

    WhileStatements  ->  While @14 LP BoolExp RP . CL @15 S CR   (rule 38)

    CL  	shift, and go to state 129



state 124

    ForStatements  ->  For LP MegAssign SC @11 . BoolExp SC @12 MegAssign RP CL @13 S CR   (rule 35)

    error	shift, and go to state 1
    VAR 	shift, and go to state 28
    Floats	shift, and go to state 29
    LP  	shift, and go to state 50
    INC 	shift, and go to state 31
    DEC 	shift, and go to state 32
    Int 	shift, and go to state 6
    Float	shift, and go to state 9
    Char	shift, and go to state 10
    '!' 	shift, and go to state 33

    DeclType	go to state 12
    TypeDecl	go to state 34
    BoolExp	go to state 130
    Assignments	go to state 36
    Expr	go to state 37
    Fact	go to state 38
    Increments	go to state 39



state 125

    S  ->  CL @6 S CR @7 S .   (rule 13)

    $default	reduce using rule 13 (S)



state 126

    Arrays  ->  arrLP Floats arrRP Arrays .   (rule 77)

    $default	reduce using rule 77 (Arrays)



state 127

    IfStatement  ->  If LP BoolExp RP CL @9 . S CR @10 ElseExpr   (rule 27)

    error	shift, and go to state 1
    VAR 	shift, and go to state 2
    CL  	shift, and go to state 3
    INC 	shift, and go to state 4
    DEC 	shift, and go to state 5
    Int 	shift, and go to state 6
    If  	shift, and go to state 7
    While	shift, and go to state 8
    Float	shift, and go to state 9
    Char	shift, and go to state 10
    For 	shift, and go to state 11

    CR  	reduce using rule 14 (S)

    S   	go to state 131
    DeclType	go to state 12
    TypeDecl	go to state 13
    VarDecl	go to state 14
    MegAssign	go to state 15
    IfStatement	go to state 16
    ForStatements	go to state 17
    WhileStatements	go to state 18
    Assignments	go to state 19
    Increments	go to state 20



state 128

    IfStatement  ->  If LP BoolExp CL error CR .   (rule 29)

    $default	reduce using rule 29 (IfStatement)



state 129

    WhileStatements  ->  While @14 LP BoolExp RP CL . @15 S CR   (rule 38)

    $default	reduce using rule 37 (@15)

    @15 	go to state 132



state 130

    ForStatements  ->  For LP MegAssign SC @11 BoolExp . SC @12 MegAssign RP CL @13 S CR   (rule 35)
    BoolExp  ->  BoolExp . BoolAnd BoolExp   (rule 42)
    BoolExp  ->  BoolExp . BoolOr BoolExp   (rule 43)

    SC  	shift, and go to state 133
    BoolAnd	shift, and go to state 68
    BoolOr	shift, and go to state 69



state 131

    IfStatement  ->  If LP BoolExp RP CL @9 S . CR @10 ElseExpr   (rule 27)

    CR  	shift, and go to state 134



state 132

    WhileStatements  ->  While @14 LP BoolExp RP CL @15 . S CR   (rule 38)

    error	shift, and go to state 1
    VAR 	shift, and go to state 2
    CL  	shift, and go to state 3
    INC 	shift, and go to state 4
    DEC 	shift, and go to state 5
    Int 	shift, and go to state 6
    If  	shift, and go to state 7
    While	shift, and go to state 8
    Float	shift, and go to state 9
    Char	shift, and go to state 10
    For 	shift, and go to state 11

    CR  	reduce using rule 14 (S)

    S   	go to state 135
    DeclType	go to state 12
    TypeDecl	go to state 13
    VarDecl	go to state 14
    MegAssign	go to state 15
    IfStatement	go to state 16
    ForStatements	go to state 17
    WhileStatements	go to state 18
    Assignments	go to state 19
    Increments	go to state 20



state 133

    ForStatements  ->  For LP MegAssign SC @11 BoolExp SC . @12 MegAssign RP CL @13 S CR   (rule 35)

    $default	reduce using rule 33 (@12)

    @12 	go to state 136



state 134

    IfStatement  ->  If LP BoolExp RP CL @9 S CR . @10 ElseExpr   (rule 27)

    $default	reduce using rule 26 (@10)

    @10 	go to state 137



state 135

    WhileStatements  ->  While @14 LP BoolExp RP CL @15 S . CR   (rule 38)

    CR  	shift, and go to state 138



state 136

    ForStatements  ->  For LP MegAssign SC @11 BoolExp SC @12 . MegAssign RP CL @13 S CR   (rule 35)

    error	shift, and go to state 1
    VAR 	shift, and go to state 2
    INC 	shift, and go to state 4
    DEC 	shift, and go to state 5
    Int 	shift, and go to state 6
    Float	shift, and go to state 9
    Char	shift, and go to state 10

    DeclType	go to state 12
    TypeDecl	go to state 34
    MegAssign	go to state 139
    Assignments	go to state 19
    Increments	go to state 20



state 137

    IfStatement  ->  If LP BoolExp RP CL @9 S CR @10 . ElseExpr   (rule 27)

    Else	shift, and go to state 140

    $default	reduce using rule 31 (ElseExpr)

    ElseExpr	go to state 141



state 138

    WhileStatements  ->  While @14 LP BoolExp RP CL @15 S CR .   (rule 38)

    $default	reduce using rule 38 (WhileStatements)



state 139

    ForStatements  ->  For LP MegAssign SC @11 BoolExp SC @12 MegAssign . RP CL @13 S CR   (rule 35)

    RP  	shift, and go to state 142



state 140

    ElseExpr  ->  Else . CL S CR   (rule 30)

    CL  	shift, and go to state 143



state 141

    IfStatement  ->  If LP BoolExp RP CL @9 S CR @10 ElseExpr .   (rule 27)

    $default	reduce using rule 27 (IfStatement)



state 142

    ForStatements  ->  For LP MegAssign SC @11 BoolExp SC @12 MegAssign RP . CL @13 S CR   (rule 35)

    CL  	shift, and go to state 144



state 143

    ElseExpr  ->  Else CL . S CR   (rule 30)

    error	shift, and go to state 1
    VAR 	shift, and go to state 2
    CL  	shift, and go to state 3
    INC 	shift, and go to state 4
    DEC 	shift, and go to state 5
    Int 	shift, and go to state 6
    If  	shift, and go to state 7
    While	shift, and go to state 8
    Float	shift, and go to state 9
    Char	shift, and go to state 10
    For 	shift, and go to state 11

    CR  	reduce using rule 14 (S)

    S   	go to state 145
    DeclType	go to state 12
    TypeDecl	go to state 13
    VarDecl	go to state 14
    MegAssign	go to state 15
    IfStatement	go to state 16
    ForStatements	go to state 17
    WhileStatements	go to state 18
    Assignments	go to state 19
    Increments	go to state 20



state 144

    ForStatements  ->  For LP MegAssign SC @11 BoolExp SC @12 MegAssign RP CL . @13 S CR   (rule 35)

    $default	reduce using rule 34 (@13)

    @13 	go to state 146



state 145

    ElseExpr  ->  Else CL S . CR   (rule 30)

    CR  	shift, and go to state 147



state 146

    ForStatements  ->  For LP MegAssign SC @11 BoolExp SC @12 MegAssign RP CL @13 . S CR   (rule 35)

    error	shift, and go to state 1
    VAR 	shift, and go to state 2
    CL  	shift, and go to state 3
    INC 	shift, and go to state 4
    DEC 	shift, and go to state 5
    Int 	shift, and go to state 6
    If  	shift, and go to state 7
    While	shift, and go to state 8
    Float	shift, and go to state 9
    Char	shift, and go to state 10
    For 	shift, and go to state 11

    CR  	reduce using rule 14 (S)

    S   	go to state 148
    DeclType	go to state 12
    TypeDecl	go to state 13
    VarDecl	go to state 14
    MegAssign	go to state 15
    IfStatement	go to state 16
    ForStatements	go to state 17
    WhileStatements	go to state 18
    Assignments	go to state 19
    Increments	go to state 20



state 147

    ElseExpr  ->  Else CL S CR .   (rule 30)

    $default	reduce using rule 30 (ElseExpr)



state 148

    ForStatements  ->  For LP MegAssign SC @11 BoolExp SC @12 MegAssign RP CL @13 S . CR   (rule 35)

    CR  	shift, and go to state 149



state 149

    ForStatements  ->  For LP MegAssign SC @11 BoolExp SC @12 MegAssign RP CL @13 S CR .   (rule 35)

    $default	reduce using rule 35 (ForStatements)



state 150

    $   	go to state 151



state 151

    $   	go to state 152



state 152

    $default	accept
